2018/03/27 09:33:31 [INFO] Created default configuration file at /home/agiledeveloper/hyperledger/v1/HyperledgerProjects/artprovenance/config/crypto-config/peerOrganizations/egyptianmuseum.org/ca/root/fabric-ca-server-config.yaml
2018/03/27 09:33:31 [INFO] Starting server in home directory: /home/agiledeveloper/hyperledger/v1/HyperledgerProjects/artprovenance/config/crypto-config/peerOrganizations/egyptianmuseum.org/ca/root
2018/03/27 09:33:31 [INFO] Server Version: 1.1.1-snapshot-d536f5a
2018/03/27 09:33:31 [INFO] Server Levels: &{Identity:1 Affiliation:1 Certificate:1}
2018/03/27 09:33:31 [DEBUG] Making server filenames absolute
2018/03/27 09:33:31 [DEBUG] Initializing default CA in directory /home/agiledeveloper/hyperledger/v1/HyperledgerProjects/artprovenance/config/crypto-config/peerOrganizations/egyptianmuseum.org/ca/root
2018/03/27 09:33:31 [DEBUG] Init CA with home /home/agiledeveloper/hyperledger/v1/HyperledgerProjects/artprovenance/config/crypto-config/peerOrganizations/egyptianmuseum.org/ca/root and config {Version:1.1.1-snapshot-d536f5a Cfg:{Identities:{AllowRemove:false} Affiliations:{AllowRemove:false}} CA:{Name: Keyfile: Certfile:ca-cert.pem Chainfile:ca-chain.pem} Signing:0xc4202d0960 CSR:{CN:fabric-ca-server Names:[{C:US ST:North Carolina L: O:Hyperledger OU:Fabric SerialNumber:}] Hosts:[ubuntu localhost] KeyRequest:<nil> CA:0xc4202d3200 SerialNumber:} Registry:{MaxEnrollments:-1 Identities:[{ Name:**** Pass:**** Type:client Affiliation: MaxEnrollments:0 Attrs:map[hf.Registrar.Roles:peer,orderer,client,user hf.Registrar.DelegateRoles:peer,orderer,client,user hf.Revoker:1 hf.IntermediateCA:1 hf.GenCRL:1 hf.Registrar.Attributes:* hf.AffiliationMgr:1]  }]} Affiliations:map[org2:[department1] org1:[department1 department2]] LDAP:{ Enabled:false URL:ldap://****:****@<host>:<port>/<base> UserFilter:(uid=%s) GroupFilter:(memberUid=%s) Attribute:{[uid member] [{ }] map[groups:[{ }]]} TLS:{false [] { }}  } DB:{ Type:sqlite3 Datasource:fabric-ca-server.db TLS:{false [] { }}  } CSP:0xc4202e0030 Client:<nil> Intermediate:{ParentServer:{ URL: CAName:  } TLS:{Enabled:false CertFiles:[] Client:{KeyFile: CertFile:}} Enrollment:{ Name: Secret:**** Profile: Label: CSR:<nil> CAName: AttrReqs:[]  }} CRL:{Expiry:24h0m0s}}
2018/03/27 09:33:31 [DEBUG] CA Home Directory: /home/agiledeveloper/hyperledger/v1/HyperledgerProjects/artprovenance/config/crypto-config/peerOrganizations/egyptianmuseum.org/ca/root
2018/03/27 09:33:31 [DEBUG] Checking configuration file version '1.1.1-snapshot-d536f5a' against server version: '1.1.1-snapshot-d536f5a'
2018/03/27 09:33:31 [DEBUG] Initializing BCCSP: &{ProviderName:SW SwOpts:0xc4202e0090 PluginOpts:<nil> Pkcs11Opts:<nil>}
2018/03/27 09:33:31 [DEBUG] Initializing BCCSP with software options &{SecLevel:256 HashFamily:SHA2 Ephemeral:false FileKeystore:0xc4202dcde0 DummyKeystore:<nil>}
2018/03/27 09:33:31 [DEBUG] Initialize key material
2018/03/27 09:33:31 [DEBUG] Making CA filenames absolute
2018/03/27 09:33:31 [DEBUG] Root CA certificate request: {CN:fabric-ca-server Names:[{C:US ST:North Carolina L: O:Hyperledger OU:Fabric SerialNumber:}] Hosts:[ubuntu localhost] KeyRequest:0xc4202e2f40 CA:0xc4202d3200 SerialNumber:}
2018/03/27 09:33:31 [INFO] generating key: &{A:ecdsa S:256}
2018/03/27 09:33:31 [DEBUG] generate key from request: algo=ecdsa, size=256
2018/03/27 09:33:31 [INFO] encoded CSR
2018/03/27 09:33:31 [DEBUG] validating configuration
2018/03/27 09:33:31 [DEBUG] validate local profile
2018/03/27 09:33:31 [DEBUG] profile is valid
2018/03/27 09:33:31 [INFO] signed certificate with serial number 444465811755832454105401988669552227138915179797
2018/03/27 09:33:31 [INFO] The CA key and certificate were generated for CA 
2018/03/27 09:33:31 [INFO] The key was stored by BCCSP provider 'SW'
2018/03/27 09:33:31 [INFO] The certificate is at: /home/agiledeveloper/hyperledger/v1/HyperledgerProjects/artprovenance/config/crypto-config/peerOrganizations/egyptianmuseum.org/ca/root/ca-cert.pem
2018/03/27 09:33:31 [DEBUG] Initializing DB
2018/03/27 09:33:31 [DEBUG] Initializing 'sqlite3' database at '/home/agiledeveloper/hyperledger/v1/HyperledgerProjects/artprovenance/config/crypto-config/peerOrganizations/egyptianmuseum.org/ca/root/fabric-ca-server.db'
2018/03/27 09:33:31 [DEBUG] Using sqlite database, connect to database in home (/home/agiledeveloper/hyperledger/v1/HyperledgerProjects/artprovenance/config/crypto-config/peerOrganizations/egyptianmuseum.org/ca/root/fabric-ca-server.db) directory
2018/03/27 09:33:31 [DEBUG] Creating SQLite database (/home/agiledeveloper/hyperledger/v1/HyperledgerProjects/artprovenance/config/crypto-config/peerOrganizations/egyptianmuseum.org/ca/root/fabric-ca-server.db) if it does not exist...
2018/03/27 09:33:31 [DEBUG] Creating users table if it does not exist
2018/03/27 09:33:31 [DEBUG] Creating affiliations table if it does not exist
2018/03/27 09:33:31 [DEBUG] Creating certificates table if it does not exist
2018/03/27 09:33:31 [DEBUG] Creating properties table if it does not exist
2018/03/27 09:33:31 [DEBUG] Successfully opened sqlite3 DB
2018/03/27 09:33:31 [DEBUG] Checking database schema...
2018/03/27 09:33:31 [DEBUG] Update SQLite schema, if using outdated schema
2018/03/27 09:33:31 [DEBUG] Upgrade identities table
2018/03/27 09:33:31 [DEBUG] Creating users table if it does not exist
2018/03/27 09:33:31 [DEBUG] Upgrade affiliation table
2018/03/27 09:33:31 [DEBUG] Creating affiliations table if it does not exist
2018/03/27 09:33:31 [DEBUG] Upgrade certificates table
2018/03/27 09:33:31 [DEBUG] Creating certificates table if it does not exist
2018/03/27 09:33:31 [DEBUG] Initializing identity registry
2018/03/27 09:33:31 [DEBUG] Initialized DB identity registry
2018/03/27 09:33:31 [DEBUG] DB: Get properties [identity.level affiliation.level certificate.level]
2018/03/27 09:33:31 [DEBUG] Checking database levels 'map[affiliation.level:0 certificate.level:0 identity.level:0]' against server levels '&{Identity:1 Affiliation:1 Certificate:1}'
2018/03/27 09:33:31 [DEBUG] Loading identity table
2018/03/27 09:33:31 [DEBUG] Loading identity 'admin'
2018/03/27 09:33:31 [DEBUG] DB: Getting identity admin
2018/03/27 09:33:31 [DEBUG] Max enrollment value verification - User specified max enrollment: 0, CA max enrollment: -1
2018/03/27 09:33:31 [DEBUG] DB: Add identity admin
2018/03/27 09:33:31 [DEBUG] Successfully added identity admin to the database
2018/03/27 09:33:31 [DEBUG] Registered identity: { Name:**** Pass:**** Type:client Affiliation: MaxEnrollments:-1 Attrs:map[hf.Registrar.Roles:peer,orderer,client,user hf.Registrar.DelegateRoles:peer,orderer,client,user hf.Revoker:1 hf.IntermediateCA:1 hf.GenCRL:1 hf.Registrar.Attributes:* hf.AffiliationMgr:1]  }
2018/03/27 09:33:31 [DEBUG] Successfully loaded identity table
2018/03/27 09:33:31 [DEBUG] Loading affiliations table
2018/03/27 09:33:31 [DEBUG] DB: Add affiliation org2
2018/03/27 09:33:31 [DEBUG] Affiliation 'org2' added
2018/03/27 09:33:31 [DEBUG] DB: Add affiliation org2.department1
2018/03/27 09:33:31 [DEBUG] Affiliation 'org2.department1' added
2018/03/27 09:33:31 [DEBUG] DB: Add affiliation org1
2018/03/27 09:33:31 [DEBUG] Affiliation 'org1' added
2018/03/27 09:33:31 [DEBUG] DB: Add affiliation org1.department1
2018/03/27 09:33:31 [DEBUG] Affiliation 'org1.department1' added
2018/03/27 09:33:31 [DEBUG] DB: Add affiliation org1.department2
2018/03/27 09:33:31 [DEBUG] Affiliation 'org1.department2' added
2018/03/27 09:33:31 [DEBUG] Successfully loaded affiliations table
2018/03/27 09:33:31 [DEBUG] Checking and performing migration, if needed
2018/03/27 09:33:31 [DEBUG] Updating database level to &{Identity:1 Affiliation:1 Certificate:1}
2018/03/27 09:33:31 [INFO] Initialized sqlite3 database at /home/agiledeveloper/hyperledger/v1/HyperledgerProjects/artprovenance/config/crypto-config/peerOrganizations/egyptianmuseum.org/ca/root/fabric-ca-server.db
2018/03/27 09:33:31 [DEBUG] Initializing enrollment signer
2018/03/27 09:33:31 [DEBUG] validating configuration
2018/03/27 09:33:31 [DEBUG] validate local profile
2018/03/27 09:33:31 [DEBUG] profile is valid
2018/03/27 09:33:31 [DEBUG] validate local profile
2018/03/27 09:33:31 [DEBUG] profile is valid
2018/03/27 09:33:31 [DEBUG] validate local profile
2018/03/27 09:33:31 [DEBUG] profile is valid
2018/03/27 09:33:31 [DEBUG] CA initialization successful
2018/03/27 09:33:31 [INFO] Home directory for default CA: /home/agiledeveloper/hyperledger/v1/HyperledgerProjects/artprovenance/config/crypto-config/peerOrganizations/egyptianmuseum.org/ca/root
2018/03/27 09:33:31 [DEBUG] 1 CA instance(s) running on server
2018/03/27 09:33:31 [INFO] Listening on http://0.0.0.0:7102
2018/03/27 09:33:32 [DEBUG] Received request for /enroll
2018/03/27 09:33:32 [DEBUG] ca.Config: &{Version:1.1.1-snapshot-d536f5a Cfg:{Identities:{AllowRemove:false} Affiliations:{AllowRemove:false}} CA:{Name: Keyfile:/home/agiledeveloper/hyperledger/v1/HyperledgerProjects/artprovenance/config/crypto-config/peerOrganizations/egyptianmuseum.org/ca/root/ca-key.pem Certfile:/home/agiledeveloper/hyperledger/v1/HyperledgerProjects/artprovenance/config/crypto-config/peerOrganizations/egyptianmuseum.org/ca/root/ca-cert.pem Chainfile:/home/agiledeveloper/hyperledger/v1/HyperledgerProjects/artprovenance/config/crypto-config/peerOrganizations/egyptianmuseum.org/ca/root/ca-chain.pem} Signing:0xc4202d0960 CSR:{CN:fabric-ca-server Names:[{C:US ST:North Carolina L: O:Hyperledger OU:Fabric SerialNumber:}] Hosts:[ubuntu localhost] KeyRequest:0xc4202e2f20 CA:0xc4202d3200 SerialNumber:} Registry:{MaxEnrollments:-1 Identities:[{ Name:**** Pass:**** Type:client Affiliation: MaxEnrollments:0 Attrs:map[hf.GenCRL:1 hf.Registrar.Attributes:* hf.AffiliationMgr:1 hf.Registrar.Roles:peer,orderer,client,user hf.Registrar.DelegateRoles:peer,orderer,client,user hf.Revoker:1 hf.IntermediateCA:1]  }]} Affiliations:map[org2:[department1] org1:[department1 department2]] LDAP:{ Enabled:false URL:ldap://****:****@<host>:<port>/<base> UserFilter:(uid=%s) GroupFilter:(memberUid=%s) Attribute:{[uid member] [{ }] map[groups:[{ }]]} TLS:{false [] { }}  } DB:{ Type:sqlite3 Datasource:/home/agiledeveloper/hyperledger/v1/HyperledgerProjects/artprovenance/config/crypto-config/peerOrganizations/egyptianmuseum.org/ca/root/fabric-ca-server.db TLS:{false [] { }}  } CSP:0xc4202e0030 Client:<nil> Intermediate:{ParentServer:{ URL: CAName:  } TLS:{Enabled:false CertFiles:[] Client:{KeyFile: CertFile:}} Enrollment:{ Name: Secret:**** Profile: Label: CSR:<nil> CAName: AttrReqs:[]  }} CRL:{Expiry:24h0m0s}}
2018/03/27 09:33:32 [DEBUG] DB: Getting identity admin
2018/03/27 09:33:32 [DEBUG] DB: Login user admin with max enrollments of -1 and state of 0
2018/03/27 09:33:32 [DEBUG] DB: identity admin successfully logged in
2018/03/27 09:33:32 [DEBUG] Processing sign request: id=admin, CommonName=admin, Subject=<nil>
2018/03/27 09:33:32 [DEBUG] Request is not for a CA signing certificate
2018/03/27 09:33:32 [DEBUG] Checking CSR fields to make sure that they do not exceed maximum character limits
2018/03/27 09:33:32 [DEBUG] DB: Getting identity admin
2018/03/27 09:33:32 [DEBUG] Finished processing sign request
2018/03/27 09:33:32 [DEBUG] DB: Getting identity admin
2018/03/27 09:33:32 [INFO] signed certificate with serial number 275894454682008790893945186774716906704170048775
2018/03/27 09:33:32 [DEBUG] DB: Insert Certificate
2018/03/27 09:33:32 [DEBUG] Saved serial number as hex 305389044136cb988efc29f365bfb23f50bedd07
2018/03/27 09:33:32 [DEBUG] saved certificate with serial number 275894454682008790893945186774716906704170048775
2018/03/27 09:33:32 [DEBUG] Successfully incremented state for identity admin to 1
2018/03/27 09:33:32 [INFO] 127.0.0.1:55554 POST /enroll 201 0 "OK"
2018/03/27 09:33:32 [DEBUG] Received request for /enroll
2018/03/27 09:33:32 [DEBUG] ca.Config: &{Version:1.1.1-snapshot-d536f5a Cfg:{Identities:{AllowRemove:false} Affiliations:{AllowRemove:false}} CA:{Name: Keyfile:/home/agiledeveloper/hyperledger/v1/HyperledgerProjects/artprovenance/config/crypto-config/peerOrganizations/egyptianmuseum.org/ca/root/ca-key.pem Certfile:/home/agiledeveloper/hyperledger/v1/HyperledgerProjects/artprovenance/config/crypto-config/peerOrganizations/egyptianmuseum.org/ca/root/ca-cert.pem Chainfile:/home/agiledeveloper/hyperledger/v1/HyperledgerProjects/artprovenance/config/crypto-config/peerOrganizations/egyptianmuseum.org/ca/root/ca-chain.pem} Signing:0xc4202d0960 CSR:{CN:fabric-ca-server Names:[{C:US ST:North Carolina L: O:Hyperledger OU:Fabric SerialNumber:}] Hosts:[ubuntu localhost] KeyRequest:0xc4202e2f20 CA:0xc4202d3200 SerialNumber:} Registry:{MaxEnrollments:-1 Identities:[{ Name:**** Pass:**** Type:client Affiliation: MaxEnrollments:0 Attrs:map[hf.Registrar.Attributes:* hf.AffiliationMgr:1 hf.Registrar.Roles:peer,orderer,client,user hf.Registrar.DelegateRoles:peer,orderer,client,user hf.Revoker:1 hf.IntermediateCA:1 hf.GenCRL:1]  }]} Affiliations:map[org2:[department1] org1:[department1 department2]] LDAP:{ Enabled:false URL:ldap://****:****@<host>:<port>/<base> UserFilter:(uid=%s) GroupFilter:(memberUid=%s) Attribute:{[uid member] [{ }] map[groups:[{ }]]} TLS:{false [] { }}  } DB:{ Type:sqlite3 Datasource:/home/agiledeveloper/hyperledger/v1/HyperledgerProjects/artprovenance/config/crypto-config/peerOrganizations/egyptianmuseum.org/ca/root/fabric-ca-server.db TLS:{false [] { }}  } CSP:0xc4202e0030 Client:<nil> Intermediate:{ParentServer:{ URL: CAName:  } TLS:{Enabled:false CertFiles:[] Client:{KeyFile: CertFile:}} Enrollment:{ Name: Secret:**** Profile: Label: CSR:<nil> CAName: AttrReqs:[]  }} CRL:{Expiry:24h0m0s}}
2018/03/27 09:33:32 [DEBUG] DB: Getting identity admin
2018/03/27 09:33:32 [DEBUG] DB: Login user admin with max enrollments of -1 and state of 1
2018/03/27 09:33:33 [DEBUG] DB: identity admin successfully logged in
2018/03/27 09:33:33 [DEBUG] Processing sign request: id=admin, CommonName=admin, Subject=<nil>
2018/03/27 09:33:33 [DEBUG] Request is not for a CA signing certificate
2018/03/27 09:33:33 [DEBUG] Checking CSR fields to make sure that they do not exceed maximum character limits
2018/03/27 09:33:33 [DEBUG] DB: Getting identity admin
2018/03/27 09:33:33 [DEBUG] Finished processing sign request
2018/03/27 09:33:33 [DEBUG] DB: Getting identity admin
2018/03/27 09:33:33 [INFO] signed certificate with serial number 634289506894101099079969116999343170625461664566
2018/03/27 09:33:33 [DEBUG] DB: Insert Certificate
2018/03/27 09:33:33 [DEBUG] Saved serial number as hex 6f1a86725984569410ca936cffca2a4374b9bb36
2018/03/27 09:33:33 [DEBUG] saved certificate with serial number 634289506894101099079969116999343170625461664566
2018/03/27 09:33:33 [DEBUG] Successfully incremented state for identity admin to 2
2018/03/27 09:33:33 [INFO] 127.0.0.1:55556 POST /enroll 201 0 "OK"
2018/03/27 09:33:33 [DEBUG] Received request for /register
2018/03/27 09:33:33 [DEBUG] Checking for revocation/expiration of certificate owned by 'admin'
2018/03/27 09:33:33 [DEBUG] DB: Get certificate by serial (6f1a86725984569410ca936cffca2a4374b9bb36) and aki (32e97e699f973191382f9404f3e756ba0db87322)
2018/03/27 09:33:33 [DEBUG] Successful token authentication of 'admin'
2018/03/27 09:33:33 [DEBUG] Received registration request from admin: { Name:nodeAdmin Type:user Secret:**** MaxEnrollments:0 Affiliation:org1 Attributes:[] CAName:  }
2018/03/27 09:33:33 [DEBUG] DB: Getting identity admin
2018/03/27 09:33:33 [DEBUG] canRegister - Check to see if user 'admin' can register
2018/03/27 09:33:33 [DEBUG] Checking to see if caller 'admin' is a registrar
2018/03/27 09:33:33 [DEBUG] Validate Affiliation
2018/03/27 09:33:33 [DEBUG] Checking to see if affiliation 'org1' contains caller's affiliation ''
2018/03/27 09:33:33 [DEBUG] Caller has root affiliation
2018/03/27 09:33:33 [DEBUG] Validate ID
2018/03/27 09:33:33 [DEBUG] Validating affiliation: org1
2018/03/27 09:33:33 [DEBUG] DB: Get affiliation org1
2018/03/27 09:33:33 [DEBUG] Registering user id: nodeAdmin
2018/03/27 09:33:33 [DEBUG] Max enrollment value verification - User specified max enrollment: 0, CA max enrollment: -1
2018/03/27 09:33:33 [DEBUG] DB: Getting identity nodeAdmin
2018/03/27 09:33:33 [DEBUG] DB: Add identity nodeAdmin
2018/03/27 09:33:33 [DEBUG] Successfully added identity nodeAdmin to the database
2018/03/27 09:33:33 [INFO] 127.0.0.1:55558 POST /register 201 0 "OK"
2018/03/27 09:33:33 [DEBUG] Received request for /enroll
2018/03/27 09:33:33 [DEBUG] ca.Config: &{Version:1.1.1-snapshot-d536f5a Cfg:{Identities:{AllowRemove:false} Affiliations:{AllowRemove:false}} CA:{Name: Keyfile:/home/agiledeveloper/hyperledger/v1/HyperledgerProjects/artprovenance/config/crypto-config/peerOrganizations/egyptianmuseum.org/ca/root/ca-key.pem Certfile:/home/agiledeveloper/hyperledger/v1/HyperledgerProjects/artprovenance/config/crypto-config/peerOrganizations/egyptianmuseum.org/ca/root/ca-cert.pem Chainfile:/home/agiledeveloper/hyperledger/v1/HyperledgerProjects/artprovenance/config/crypto-config/peerOrganizations/egyptianmuseum.org/ca/root/ca-chain.pem} Signing:0xc4202d0960 CSR:{CN:fabric-ca-server Names:[{C:US ST:North Carolina L: O:Hyperledger OU:Fabric SerialNumber:}] Hosts:[ubuntu localhost] KeyRequest:0xc4202e2f20 CA:0xc4202d3200 SerialNumber:} Registry:{MaxEnrollments:-1 Identities:[{ Name:**** Pass:**** Type:client Affiliation: MaxEnrollments:0 Attrs:map[hf.Registrar.Attributes:* hf.AffiliationMgr:1 hf.Registrar.Roles:peer,orderer,client,user hf.Registrar.DelegateRoles:peer,orderer,client,user hf.Revoker:1 hf.IntermediateCA:1 hf.GenCRL:1]  }]} Affiliations:map[org2:[department1] org1:[department1 department2]] LDAP:{ Enabled:false URL:ldap://****:****@<host>:<port>/<base> UserFilter:(uid=%s) GroupFilter:(memberUid=%s) Attribute:{[uid member] [{ }] map[groups:[{ }]]} TLS:{false [] { }}  } DB:{ Type:sqlite3 Datasource:/home/agiledeveloper/hyperledger/v1/HyperledgerProjects/artprovenance/config/crypto-config/peerOrganizations/egyptianmuseum.org/ca/root/fabric-ca-server.db TLS:{false [] { }}  } CSP:0xc4202e0030 Client:<nil> Intermediate:{ParentServer:{ URL: CAName:  } TLS:{Enabled:false CertFiles:[] Client:{KeyFile: CertFile:}} Enrollment:{ Name: Secret:**** Profile: Label: CSR:<nil> CAName: AttrReqs:[]  }} CRL:{Expiry:24h0m0s}}
2018/03/27 09:33:33 [DEBUG] DB: Getting identity nodeAdmin
2018/03/27 09:33:33 [DEBUG] DB: Login user nodeAdmin with max enrollments of -1 and state of 0
2018/03/27 09:33:33 [DEBUG] DB: identity nodeAdmin successfully logged in
2018/03/27 09:33:33 [DEBUG] Processing sign request: id=nodeAdmin, CommonName=nodeAdmin, Subject=<nil>
2018/03/27 09:33:33 [DEBUG] Request is not for a CA signing certificate
2018/03/27 09:33:33 [DEBUG] Checking CSR fields to make sure that they do not exceed maximum character limits
2018/03/27 09:33:33 [DEBUG] DB: Getting identity nodeAdmin
2018/03/27 09:33:33 [DEBUG] Finished processing sign request
2018/03/27 09:33:33 [DEBUG] DB: Getting identity nodeAdmin
2018/03/27 09:33:33 [DEBUG] Attribute extension being added to certificate is: &{ID:[1 2 3 4 5 6 7 8 1] Critical:false Value:7b226174747273223a7b2268662e416666696c696174696f6e223a226f726731222c2268662e456e726f6c6c6d656e744944223a226e6f646541646d696e222c2268662e54797065223a2275736572227d7d}
2018/03/27 09:33:33 [DEBUG] Adding attribute extension to CSR: &{ID:[1 2 3 4 5 6 7 8 1] Critical:false Value:7b226174747273223a7b2268662e416666696c696174696f6e223a226f726731222c2268662e456e726f6c6c6d656e744944223a226e6f646541646d696e222c2268662e54797065223a2275736572227d7d}
2018/03/27 09:33:33 [INFO] signed certificate with serial number 161079419293551552699411263317670977226741706564
2018/03/27 09:33:33 [DEBUG] DB: Insert Certificate
2018/03/27 09:33:33 [DEBUG] Saved serial number as hex 1c370d0c8883cc7cca26ce287bce45388484ef44
2018/03/27 09:33:33 [DEBUG] saved certificate with serial number 161079419293551552699411263317670977226741706564
2018/03/27 09:33:33 [DEBUG] Successfully incremented state for identity nodeAdmin to 1
2018/03/27 09:33:33 [INFO] 127.0.0.1:55560 POST /enroll 201 0 "OK"
2018/03/27 09:33:33 [DEBUG] Received request for /register
2018/03/27 09:33:33 [DEBUG] Checking for revocation/expiration of certificate owned by 'admin'
2018/03/27 09:33:33 [DEBUG] DB: Get certificate by serial (6f1a86725984569410ca936cffca2a4374b9bb36) and aki (32e97e699f973191382f9404f3e756ba0db87322)
2018/03/27 09:33:33 [DEBUG] Successful token authentication of 'admin'
2018/03/27 09:33:33 [DEBUG] Received registration request from admin: { Name:User1@egyptianmuseum.org Type:user Secret:**** MaxEnrollments:0 Affiliation:org1 Attributes:[] CAName:  }
2018/03/27 09:33:33 [DEBUG] DB: Getting identity admin
2018/03/27 09:33:33 [DEBUG] canRegister - Check to see if user 'admin' can register
2018/03/27 09:33:33 [DEBUG] Checking to see if caller 'admin' is a registrar
2018/03/27 09:33:33 [DEBUG] Validate Affiliation
2018/03/27 09:33:33 [DEBUG] Checking to see if affiliation 'org1' contains caller's affiliation ''
2018/03/27 09:33:33 [DEBUG] Caller has root affiliation
2018/03/27 09:33:33 [DEBUG] Validate ID
2018/03/27 09:33:33 [DEBUG] Validating affiliation: org1
2018/03/27 09:33:33 [DEBUG] DB: Get affiliation org1
2018/03/27 09:33:33 [DEBUG] Registering user id: User1@egyptianmuseum.org
2018/03/27 09:33:33 [DEBUG] Max enrollment value verification - User specified max enrollment: 0, CA max enrollment: -1
2018/03/27 09:33:33 [DEBUG] DB: Getting identity User1@egyptianmuseum.org
2018/03/27 09:33:33 [DEBUG] DB: Add identity User1@egyptianmuseum.org
2018/03/27 09:33:33 [DEBUG] Successfully added identity User1@egyptianmuseum.org to the database
2018/03/27 09:33:33 [INFO] 127.0.0.1:55562 POST /register 201 0 "OK"
2018/03/27 09:33:33 [DEBUG] Received request for /enroll
2018/03/27 09:33:33 [DEBUG] ca.Config: &{Version:1.1.1-snapshot-d536f5a Cfg:{Identities:{AllowRemove:false} Affiliations:{AllowRemove:false}} CA:{Name: Keyfile:/home/agiledeveloper/hyperledger/v1/HyperledgerProjects/artprovenance/config/crypto-config/peerOrganizations/egyptianmuseum.org/ca/root/ca-key.pem Certfile:/home/agiledeveloper/hyperledger/v1/HyperledgerProjects/artprovenance/config/crypto-config/peerOrganizations/egyptianmuseum.org/ca/root/ca-cert.pem Chainfile:/home/agiledeveloper/hyperledger/v1/HyperledgerProjects/artprovenance/config/crypto-config/peerOrganizations/egyptianmuseum.org/ca/root/ca-chain.pem} Signing:0xc4202d0960 CSR:{CN:fabric-ca-server Names:[{C:US ST:North Carolina L: O:Hyperledger OU:Fabric SerialNumber:}] Hosts:[ubuntu localhost] KeyRequest:0xc4202e2f20 CA:0xc4202d3200 SerialNumber:} Registry:{MaxEnrollments:-1 Identities:[{ Name:**** Pass:**** Type:client Affiliation: MaxEnrollments:0 Attrs:map[hf.AffiliationMgr:1 hf.Registrar.Roles:peer,orderer,client,user hf.Registrar.DelegateRoles:peer,orderer,client,user hf.Revoker:1 hf.IntermediateCA:1 hf.GenCRL:1 hf.Registrar.Attributes:*]  }]} Affiliations:map[org2:[department1] org1:[department1 department2]] LDAP:{ Enabled:false URL:ldap://****:****@<host>:<port>/<base> UserFilter:(uid=%s) GroupFilter:(memberUid=%s) Attribute:{[uid member] [{ }] map[groups:[{ }]]} TLS:{false [] { }}  } DB:{ Type:sqlite3 Datasource:/home/agiledeveloper/hyperledger/v1/HyperledgerProjects/artprovenance/config/crypto-config/peerOrganizations/egyptianmuseum.org/ca/root/fabric-ca-server.db TLS:{false [] { }}  } CSP:0xc4202e0030 Client:<nil> Intermediate:{ParentServer:{ URL: CAName:  } TLS:{Enabled:false CertFiles:[] Client:{KeyFile: CertFile:}} Enrollment:{ Name: Secret:**** Profile: Label: CSR:<nil> CAName: AttrReqs:[]  }} CRL:{Expiry:24h0m0s}}
2018/03/27 09:33:33 [DEBUG] DB: Getting identity User1@egyptianmuseum.org
2018/03/27 09:33:33 [DEBUG] DB: Login user User1@egyptianmuseum.org with max enrollments of -1 and state of 0
2018/03/27 09:33:33 [DEBUG] DB: identity User1@egyptianmuseum.org successfully logged in
2018/03/27 09:33:33 [DEBUG] Processing sign request: id=User1@egyptianmuseum.org, CommonName=User1@egyptianmuseum.org, Subject=<nil>
2018/03/27 09:33:33 [DEBUG] Request is not for a CA signing certificate
2018/03/27 09:33:33 [DEBUG] Checking CSR fields to make sure that they do not exceed maximum character limits
2018/03/27 09:33:33 [DEBUG] DB: Getting identity User1@egyptianmuseum.org
2018/03/27 09:33:33 [DEBUG] Finished processing sign request
2018/03/27 09:33:33 [DEBUG] DB: Getting identity User1@egyptianmuseum.org
2018/03/27 09:33:33 [DEBUG] Attribute extension being added to certificate is: &{ID:[1 2 3 4 5 6 7 8 1] Critical:false Value:7b226174747273223a7b2268662e416666696c696174696f6e223a226f726731222c2268662e456e726f6c6c6d656e744944223a22557365723140656779707469616e6d757365756d2e6f7267222c2268662e54797065223a2275736572227d7d}
2018/03/27 09:33:33 [DEBUG] Adding attribute extension to CSR: &{ID:[1 2 3 4 5 6 7 8 1] Critical:false Value:7b226174747273223a7b2268662e416666696c696174696f6e223a226f726731222c2268662e456e726f6c6c6d656e744944223a22557365723140656779707469616e6d757365756d2e6f7267222c2268662e54797065223a2275736572227d7d}
2018/03/27 09:33:33 [INFO] signed certificate with serial number 157949775265370347689656769351399738546452381764
2018/03/27 09:33:33 [DEBUG] DB: Insert Certificate
2018/03/27 09:33:33 [DEBUG] Saved serial number as hex 1baab67f58611c8a26846031298ad6ad090f4044
2018/03/27 09:33:33 [DEBUG] saved certificate with serial number 157949775265370347689656769351399738546452381764
2018/03/27 09:33:33 [DEBUG] Successfully incremented state for identity User1@egyptianmuseum.org to 1
2018/03/27 09:33:33 [INFO] 127.0.0.1:55564 POST /enroll 201 0 "OK"
2018/03/27 09:33:33 [DEBUG] Received request for /enroll
2018/03/27 09:33:33 [DEBUG] ca.Config: &{Version:1.1.1-snapshot-d536f5a Cfg:{Identities:{AllowRemove:false} Affiliations:{AllowRemove:false}} CA:{Name: Keyfile:/home/agiledeveloper/hyperledger/v1/HyperledgerProjects/artprovenance/config/crypto-config/peerOrganizations/egyptianmuseum.org/ca/root/ca-key.pem Certfile:/home/agiledeveloper/hyperledger/v1/HyperledgerProjects/artprovenance/config/crypto-config/peerOrganizations/egyptianmuseum.org/ca/root/ca-cert.pem Chainfile:/home/agiledeveloper/hyperledger/v1/HyperledgerProjects/artprovenance/config/crypto-config/peerOrganizations/egyptianmuseum.org/ca/root/ca-chain.pem} Signing:0xc4202d0960 CSR:{CN:fabric-ca-server Names:[{C:US ST:North Carolina L: O:Hyperledger OU:Fabric SerialNumber:}] Hosts:[ubuntu localhost] KeyRequest:0xc4202e2f20 CA:0xc4202d3200 SerialNumber:} Registry:{MaxEnrollments:-1 Identities:[{ Name:**** Pass:**** Type:client Affiliation: MaxEnrollments:0 Attrs:map[hf.AffiliationMgr:1 hf.Registrar.Roles:peer,orderer,client,user hf.Registrar.DelegateRoles:peer,orderer,client,user hf.Revoker:1 hf.IntermediateCA:1 hf.GenCRL:1 hf.Registrar.Attributes:*]  }]} Affiliations:map[org1:[department1 department2] org2:[department1]] LDAP:{ Enabled:false URL:ldap://****:****@<host>:<port>/<base> UserFilter:(uid=%s) GroupFilter:(memberUid=%s) Attribute:{[uid member] [{ }] map[groups:[{ }]]} TLS:{false [] { }}  } DB:{ Type:sqlite3 Datasource:/home/agiledeveloper/hyperledger/v1/HyperledgerProjects/artprovenance/config/crypto-config/peerOrganizations/egyptianmuseum.org/ca/root/fabric-ca-server.db TLS:{false [] { }}  } CSP:0xc4202e0030 Client:<nil> Intermediate:{ParentServer:{ URL: CAName:  } TLS:{Enabled:false CertFiles:[] Client:{KeyFile: CertFile:}} Enrollment:{ Name: Secret:**** Profile: Label: CSR:<nil> CAName: AttrReqs:[]  }} CRL:{Expiry:24h0m0s}}
2018/03/27 09:33:33 [DEBUG] DB: Getting identity admin
2018/03/27 09:33:33 [DEBUG] DB: Login user admin with max enrollments of -1 and state of 2
2018/03/27 09:33:33 [DEBUG] DB: identity admin successfully logged in
2018/03/27 09:33:33 [DEBUG] Processing sign request: id=admin, CommonName=admin, Subject=<nil>
2018/03/27 09:33:33 [DEBUG] Request is not for a CA signing certificate
2018/03/27 09:33:33 [DEBUG] Checking CSR fields to make sure that they do not exceed maximum character limits
2018/03/27 09:33:33 [DEBUG] DB: Getting identity admin
2018/03/27 09:33:33 [DEBUG] Finished processing sign request
2018/03/27 09:33:33 [DEBUG] DB: Getting identity admin
2018/03/27 09:33:33 [INFO] signed certificate with serial number 688429018391614271519266969051179746139653941978
2018/03/27 09:33:33 [DEBUG] DB: Insert Certificate
2018/03/27 09:33:33 [DEBUG] Saved serial number as hex 7896398f27581aae4e7a1d0a0793f7b4ca5e2ada
2018/03/27 09:33:33 [DEBUG] saved certificate with serial number 688429018391614271519266969051179746139653941978
2018/03/27 09:33:33 [DEBUG] Successfully incremented state for identity admin to 3
2018/03/27 09:33:33 [INFO] 127.0.0.1:55566 POST /enroll 201 0 "OK"
2018/03/27 09:33:33 [DEBUG] Received request for /register
2018/03/27 09:33:33 [DEBUG] Checking for revocation/expiration of certificate owned by 'admin'
2018/03/27 09:33:33 [DEBUG] DB: Get certificate by serial (6f1a86725984569410ca936cffca2a4374b9bb36) and aki (32e97e699f973191382f9404f3e756ba0db87322)
2018/03/27 09:33:33 [DEBUG] Successful token authentication of 'admin'
2018/03/27 09:33:33 [DEBUG] Received registration request from admin: { Name:peer0.egyptianmuseum.org Type:user Secret:**** MaxEnrollments:0 Affiliation:org1 Attributes:[] CAName:  }
2018/03/27 09:33:33 [DEBUG] DB: Getting identity admin
2018/03/27 09:33:33 [DEBUG] canRegister - Check to see if user 'admin' can register
2018/03/27 09:33:33 [DEBUG] Checking to see if caller 'admin' is a registrar
2018/03/27 09:33:33 [DEBUG] Validate Affiliation
2018/03/27 09:33:33 [DEBUG] Checking to see if affiliation 'org1' contains caller's affiliation ''
2018/03/27 09:33:33 [DEBUG] Caller has root affiliation
2018/03/27 09:33:33 [DEBUG] Validate ID
2018/03/27 09:33:33 [DEBUG] Validating affiliation: org1
2018/03/27 09:33:33 [DEBUG] DB: Get affiliation org1
2018/03/27 09:33:33 [DEBUG] Registering user id: peer0.egyptianmuseum.org
2018/03/27 09:33:33 [DEBUG] Max enrollment value verification - User specified max enrollment: 0, CA max enrollment: -1
2018/03/27 09:33:33 [DEBUG] DB: Getting identity peer0.egyptianmuseum.org
2018/03/27 09:33:33 [DEBUG] DB: Add identity peer0.egyptianmuseum.org
2018/03/27 09:33:33 [DEBUG] Successfully added identity peer0.egyptianmuseum.org to the database
2018/03/27 09:33:33 [INFO] 127.0.0.1:55568 POST /register 201 0 "OK"
2018/03/27 09:33:33 [DEBUG] Received request for /enroll
2018/03/27 09:33:33 [DEBUG] ca.Config: &{Version:1.1.1-snapshot-d536f5a Cfg:{Identities:{AllowRemove:false} Affiliations:{AllowRemove:false}} CA:{Name: Keyfile:/home/agiledeveloper/hyperledger/v1/HyperledgerProjects/artprovenance/config/crypto-config/peerOrganizations/egyptianmuseum.org/ca/root/ca-key.pem Certfile:/home/agiledeveloper/hyperledger/v1/HyperledgerProjects/artprovenance/config/crypto-config/peerOrganizations/egyptianmuseum.org/ca/root/ca-cert.pem Chainfile:/home/agiledeveloper/hyperledger/v1/HyperledgerProjects/artprovenance/config/crypto-config/peerOrganizations/egyptianmuseum.org/ca/root/ca-chain.pem} Signing:0xc4202d0960 CSR:{CN:fabric-ca-server Names:[{C:US ST:North Carolina L: O:Hyperledger OU:Fabric SerialNumber:}] Hosts:[ubuntu localhost] KeyRequest:0xc4202e2f20 CA:0xc4202d3200 SerialNumber:} Registry:{MaxEnrollments:-1 Identities:[{ Name:**** Pass:**** Type:client Affiliation: MaxEnrollments:0 Attrs:map[hf.Registrar.Roles:peer,orderer,client,user hf.Registrar.DelegateRoles:peer,orderer,client,user hf.Revoker:1 hf.IntermediateCA:1 hf.GenCRL:1 hf.Registrar.Attributes:* hf.AffiliationMgr:1]  }]} Affiliations:map[org2:[department1] org1:[department1 department2]] LDAP:{ Enabled:false URL:ldap://****:****@<host>:<port>/<base> UserFilter:(uid=%s) GroupFilter:(memberUid=%s) Attribute:{[uid member] [{ }] map[groups:[{ }]]} TLS:{false [] { }}  } DB:{ Type:sqlite3 Datasource:/home/agiledeveloper/hyperledger/v1/HyperledgerProjects/artprovenance/config/crypto-config/peerOrganizations/egyptianmuseum.org/ca/root/fabric-ca-server.db TLS:{false [] { }}  } CSP:0xc4202e0030 Client:<nil> Intermediate:{ParentServer:{ URL: CAName:  } TLS:{Enabled:false CertFiles:[] Client:{KeyFile: CertFile:}} Enrollment:{ Name: Secret:**** Profile: Label: CSR:<nil> CAName: AttrReqs:[]  }} CRL:{Expiry:24h0m0s}}
2018/03/27 09:33:33 [DEBUG] DB: Getting identity peer0.egyptianmuseum.org
2018/03/27 09:33:33 [DEBUG] DB: Login user peer0.egyptianmuseum.org with max enrollments of -1 and state of 0
2018/03/27 09:33:33 [DEBUG] DB: identity peer0.egyptianmuseum.org successfully logged in
2018/03/27 09:33:33 [DEBUG] Processing sign request: id=peer0.egyptianmuseum.org, CommonName=peer0.egyptianmuseum.org, Subject=<nil>
2018/03/27 09:33:33 [DEBUG] Request is not for a CA signing certificate
2018/03/27 09:33:33 [DEBUG] Checking CSR fields to make sure that they do not exceed maximum character limits
2018/03/27 09:33:33 [DEBUG] DB: Getting identity peer0.egyptianmuseum.org
2018/03/27 09:33:33 [DEBUG] Finished processing sign request
2018/03/27 09:33:33 [DEBUG] DB: Getting identity peer0.egyptianmuseum.org
2018/03/27 09:33:33 [DEBUG] Attribute extension being added to certificate is: &{ID:[1 2 3 4 5 6 7 8 1] Critical:false Value:7b226174747273223a7b2268662e416666696c696174696f6e223a226f726731222c2268662e456e726f6c6c6d656e744944223a2270656572302e656779707469616e6d757365756d2e6f7267222c2268662e54797065223a2275736572227d7d}
2018/03/27 09:33:33 [DEBUG] Adding attribute extension to CSR: &{ID:[1 2 3 4 5 6 7 8 1] Critical:false Value:7b226174747273223a7b2268662e416666696c696174696f6e223a226f726731222c2268662e456e726f6c6c6d656e744944223a2270656572302e656779707469616e6d757365756d2e6f7267222c2268662e54797065223a2275736572227d7d}
2018/03/27 09:33:33 [INFO] signed certificate with serial number 656276367145916497728360667833029018712106813537
2018/03/27 09:33:33 [DEBUG] DB: Insert Certificate
2018/03/27 09:33:33 [DEBUG] Saved serial number as hex 72f47339653f36c3453323153d69c1f88a3b4861
2018/03/27 09:33:33 [DEBUG] saved certificate with serial number 656276367145916497728360667833029018712106813537
2018/03/27 09:33:33 [DEBUG] Successfully incremented state for identity peer0.egyptianmuseum.org to 1
2018/03/27 09:33:33 [INFO] 127.0.0.1:55570 POST /enroll 201 0 "OK"
2018/03/27 09:33:33 [DEBUG] Received request for /enroll
2018/03/27 09:33:33 [DEBUG] ca.Config: &{Version:1.1.1-snapshot-d536f5a Cfg:{Identities:{AllowRemove:false} Affiliations:{AllowRemove:false}} CA:{Name: Keyfile:/home/agiledeveloper/hyperledger/v1/HyperledgerProjects/artprovenance/config/crypto-config/peerOrganizations/egyptianmuseum.org/ca/root/ca-key.pem Certfile:/home/agiledeveloper/hyperledger/v1/HyperledgerProjects/artprovenance/config/crypto-config/peerOrganizations/egyptianmuseum.org/ca/root/ca-cert.pem Chainfile:/home/agiledeveloper/hyperledger/v1/HyperledgerProjects/artprovenance/config/crypto-config/peerOrganizations/egyptianmuseum.org/ca/root/ca-chain.pem} Signing:0xc4202d0960 CSR:{CN:fabric-ca-server Names:[{C:US ST:North Carolina L: O:Hyperledger OU:Fabric SerialNumber:}] Hosts:[ubuntu localhost] KeyRequest:0xc4202e2f20 CA:0xc4202d3200 SerialNumber:} Registry:{MaxEnrollments:-1 Identities:[{ Name:**** Pass:**** Type:client Affiliation: MaxEnrollments:0 Attrs:map[hf.IntermediateCA:1 hf.GenCRL:1 hf.Registrar.Attributes:* hf.AffiliationMgr:1 hf.Registrar.Roles:peer,orderer,client,user hf.Registrar.DelegateRoles:peer,orderer,client,user hf.Revoker:1]  }]} Affiliations:map[org2:[department1] org1:[department1 department2]] LDAP:{ Enabled:false URL:ldap://****:****@<host>:<port>/<base> UserFilter:(uid=%s) GroupFilter:(memberUid=%s) Attribute:{[uid member] [{ }] map[groups:[{ }]]} TLS:{false [] { }}  } DB:{ Type:sqlite3 Datasource:/home/agiledeveloper/hyperledger/v1/HyperledgerProjects/artprovenance/config/crypto-config/peerOrganizations/egyptianmuseum.org/ca/root/fabric-ca-server.db TLS:{false [] { }}  } CSP:0xc4202e0030 Client:<nil> Intermediate:{ParentServer:{ URL: CAName:  } TLS:{Enabled:false CertFiles:[] Client:{KeyFile: CertFile:}} Enrollment:{ Name: Secret:**** Profile: Label: CSR:<nil> CAName: AttrReqs:[]  }} CRL:{Expiry:24h0m0s}}
2018/03/27 09:33:33 [DEBUG] DB: Getting identity admin
2018/03/27 09:33:33 [DEBUG] DB: Login user admin with max enrollments of -1 and state of 3
2018/03/27 09:33:33 [DEBUG] DB: identity admin successfully logged in
2018/03/27 09:33:33 [DEBUG] Processing sign request: id=admin, CommonName=admin, Subject=<nil>
2018/03/27 09:33:33 [DEBUG] Request is not for a CA signing certificate
2018/03/27 09:33:33 [DEBUG] Checking CSR fields to make sure that they do not exceed maximum character limits
2018/03/27 09:33:33 [DEBUG] DB: Getting identity admin
2018/03/27 09:33:33 [DEBUG] Finished processing sign request
2018/03/27 09:33:33 [DEBUG] DB: Getting identity admin
2018/03/27 09:33:33 [INFO] signed certificate with serial number 11394850426315292442868082200921689367874738418
2018/03/27 09:33:33 [DEBUG] DB: Insert Certificate
2018/03/27 09:33:33 [DEBUG] Saved serial number as hex 1fef677c2f16d9e07ef38b74b8f36524ecd98f2
2018/03/27 09:33:33 [DEBUG] saved certificate with serial number 11394850426315292442868082200921689367874738418
2018/03/27 09:33:33 [DEBUG] Successfully incremented state for identity admin to 4
2018/03/27 09:33:33 [INFO] 127.0.0.1:55572 POST /enroll 201 0 "OK"
2018/03/27 09:33:33 [DEBUG] Received request for /register
2018/03/27 09:33:33 [DEBUG] Checking for revocation/expiration of certificate owned by 'admin'
2018/03/27 09:33:33 [DEBUG] DB: Get certificate by serial (6f1a86725984569410ca936cffca2a4374b9bb36) and aki (32e97e699f973191382f9404f3e756ba0db87322)
2018/03/27 09:33:33 [DEBUG] Successful token authentication of 'admin'
2018/03/27 09:33:33 [DEBUG] Received registration request from admin: { Name:peer1.egyptianmuseum.org Type:user Secret:**** MaxEnrollments:0 Affiliation:org1 Attributes:[] CAName:  }
2018/03/27 09:33:33 [DEBUG] DB: Getting identity admin
2018/03/27 09:33:33 [DEBUG] canRegister - Check to see if user 'admin' can register
2018/03/27 09:33:33 [DEBUG] Checking to see if caller 'admin' is a registrar
2018/03/27 09:33:33 [DEBUG] Validate Affiliation
2018/03/27 09:33:33 [DEBUG] Checking to see if affiliation 'org1' contains caller's affiliation ''
2018/03/27 09:33:33 [DEBUG] Caller has root affiliation
2018/03/27 09:33:33 [DEBUG] Validate ID
2018/03/27 09:33:33 [DEBUG] Validating affiliation: org1
2018/03/27 09:33:33 [DEBUG] DB: Get affiliation org1
2018/03/27 09:33:33 [DEBUG] Registering user id: peer1.egyptianmuseum.org
2018/03/27 09:33:33 [DEBUG] Max enrollment value verification - User specified max enrollment: 0, CA max enrollment: -1
2018/03/27 09:33:33 [DEBUG] DB: Getting identity peer1.egyptianmuseum.org
2018/03/27 09:33:33 [DEBUG] DB: Add identity peer1.egyptianmuseum.org
2018/03/27 09:33:33 [DEBUG] Successfully added identity peer1.egyptianmuseum.org to the database
2018/03/27 09:33:33 [INFO] 127.0.0.1:55574 POST /register 201 0 "OK"
2018/03/27 09:33:33 [DEBUG] Received request for /enroll
2018/03/27 09:33:33 [DEBUG] ca.Config: &{Version:1.1.1-snapshot-d536f5a Cfg:{Identities:{AllowRemove:false} Affiliations:{AllowRemove:false}} CA:{Name: Keyfile:/home/agiledeveloper/hyperledger/v1/HyperledgerProjects/artprovenance/config/crypto-config/peerOrganizations/egyptianmuseum.org/ca/root/ca-key.pem Certfile:/home/agiledeveloper/hyperledger/v1/HyperledgerProjects/artprovenance/config/crypto-config/peerOrganizations/egyptianmuseum.org/ca/root/ca-cert.pem Chainfile:/home/agiledeveloper/hyperledger/v1/HyperledgerProjects/artprovenance/config/crypto-config/peerOrganizations/egyptianmuseum.org/ca/root/ca-chain.pem} Signing:0xc4202d0960 CSR:{CN:fabric-ca-server Names:[{C:US ST:North Carolina L: O:Hyperledger OU:Fabric SerialNumber:}] Hosts:[ubuntu localhost] KeyRequest:0xc4202e2f20 CA:0xc4202d3200 SerialNumber:} Registry:{MaxEnrollments:-1 Identities:[{ Name:**** Pass:**** Type:client Affiliation: MaxEnrollments:0 Attrs:map[hf.Revoker:1 hf.IntermediateCA:1 hf.GenCRL:1 hf.Registrar.Attributes:* hf.AffiliationMgr:1 hf.Registrar.Roles:peer,orderer,client,user hf.Registrar.DelegateRoles:peer,orderer,client,user]  }]} Affiliations:map[org2:[department1] org1:[department1 department2]] LDAP:{ Enabled:false URL:ldap://****:****@<host>:<port>/<base> UserFilter:(uid=%s) GroupFilter:(memberUid=%s) Attribute:{[uid member] [{ }] map[groups:[{ }]]} TLS:{false [] { }}  } DB:{ Type:sqlite3 Datasource:/home/agiledeveloper/hyperledger/v1/HyperledgerProjects/artprovenance/config/crypto-config/peerOrganizations/egyptianmuseum.org/ca/root/fabric-ca-server.db TLS:{false [] { }}  } CSP:0xc4202e0030 Client:<nil> Intermediate:{ParentServer:{ URL: CAName:  } TLS:{Enabled:false CertFiles:[] Client:{KeyFile: CertFile:}} Enrollment:{ Name: Secret:**** Profile: Label: CSR:<nil> CAName: AttrReqs:[]  }} CRL:{Expiry:24h0m0s}}
2018/03/27 09:33:33 [DEBUG] DB: Getting identity peer1.egyptianmuseum.org
2018/03/27 09:33:33 [DEBUG] DB: Login user peer1.egyptianmuseum.org with max enrollments of -1 and state of 0
2018/03/27 09:33:34 [DEBUG] DB: identity peer1.egyptianmuseum.org successfully logged in
2018/03/27 09:33:34 [DEBUG] Processing sign request: id=peer1.egyptianmuseum.org, CommonName=peer1.egyptianmuseum.org, Subject=<nil>
2018/03/27 09:33:34 [DEBUG] Request is not for a CA signing certificate
2018/03/27 09:33:34 [DEBUG] Checking CSR fields to make sure that they do not exceed maximum character limits
2018/03/27 09:33:34 [DEBUG] DB: Getting identity peer1.egyptianmuseum.org
2018/03/27 09:33:34 [DEBUG] Finished processing sign request
2018/03/27 09:33:34 [DEBUG] DB: Getting identity peer1.egyptianmuseum.org
2018/03/27 09:33:34 [DEBUG] Attribute extension being added to certificate is: &{ID:[1 2 3 4 5 6 7 8 1] Critical:false Value:7b226174747273223a7b2268662e416666696c696174696f6e223a226f726731222c2268662e456e726f6c6c6d656e744944223a2270656572312e656779707469616e6d757365756d2e6f7267222c2268662e54797065223a2275736572227d7d}
2018/03/27 09:33:34 [DEBUG] Adding attribute extension to CSR: &{ID:[1 2 3 4 5 6 7 8 1] Critical:false Value:7b226174747273223a7b2268662e416666696c696174696f6e223a226f726731222c2268662e456e726f6c6c6d656e744944223a2270656572312e656779707469616e6d757365756d2e6f7267222c2268662e54797065223a2275736572227d7d}
2018/03/27 09:33:34 [INFO] signed certificate with serial number 503529065229121753500161327182501658502129135970
2018/03/27 09:33:34 [DEBUG] DB: Insert Certificate
2018/03/27 09:33:34 [DEBUG] Saved serial number as hex 58330631210fee69ada3ac5b5c9b0d2ff26e3162
2018/03/27 09:33:34 [DEBUG] saved certificate with serial number 503529065229121753500161327182501658502129135970
2018/03/27 09:33:34 [DEBUG] Successfully incremented state for identity peer1.egyptianmuseum.org to 1
2018/03/27 09:33:34 [INFO] 127.0.0.1:55576 POST /enroll 201 0 "OK"
2018/03/27 09:33:34 [DEBUG] Received request for /cainfo
2018/03/27 09:33:34 [INFO] 127.0.0.1:55578 POST /cainfo 200 0 "OK"
