2018/03/27 09:33:29 [INFO] Created default configuration file at /home/agiledeveloper/hyperledger/v1/HyperledgerProjects/artprovenance/config/crypto-config/ordererOrganizations/art.ifar.org/ca/root/fabric-ca-server-config.yaml
2018/03/27 09:33:29 [INFO] Starting server in home directory: /home/agiledeveloper/hyperledger/v1/HyperledgerProjects/artprovenance/config/crypto-config/ordererOrganizations/art.ifar.org/ca/root
2018/03/27 09:33:29 [INFO] Server Version: 1.1.1-snapshot-d536f5a
2018/03/27 09:33:29 [INFO] Server Levels: &{Identity:1 Affiliation:1 Certificate:1}
2018/03/27 09:33:29 [DEBUG] Making server filenames absolute
2018/03/27 09:33:29 [DEBUG] Initializing default CA in directory /home/agiledeveloper/hyperledger/v1/HyperledgerProjects/artprovenance/config/crypto-config/ordererOrganizations/art.ifar.org/ca/root
2018/03/27 09:33:29 [DEBUG] Init CA with home /home/agiledeveloper/hyperledger/v1/HyperledgerProjects/artprovenance/config/crypto-config/ordererOrganizations/art.ifar.org/ca/root and config {Version:1.1.1-snapshot-d536f5a Cfg:{Identities:{AllowRemove:false} Affiliations:{AllowRemove:false}} CA:{Name: Keyfile: Certfile:ca-cert.pem Chainfile:ca-chain.pem} Signing:0xc420323960 CSR:{CN:fabric-ca-server Names:[{C:US ST:North Carolina L: O:Hyperledger OU:Fabric SerialNumber:}] Hosts:[ubuntu localhost] KeyRequest:<nil> CA:0xc420332f60 SerialNumber:} Registry:{MaxEnrollments:-1 Identities:[{ Name:**** Pass:**** Type:client Affiliation: MaxEnrollments:0 Attrs:map[hf.Revoker:1 hf.IntermediateCA:1 hf.GenCRL:1 hf.Registrar.Attributes:* hf.AffiliationMgr:1 hf.Registrar.Roles:peer,orderer,client,user hf.Registrar.DelegateRoles:peer,orderer,client,user]  }]} Affiliations:map[org2:[department1] org1:[department1 department2]] LDAP:{ Enabled:false URL:ldap://****:****@<host>:<port>/<base> UserFilter:(uid=%s) GroupFilter:(memberUid=%s) Attribute:{[uid member] [{ }] map[groups:[{ }]]} TLS:{false [] { }}  } DB:{ Type:sqlite3 Datasource:fabric-ca-server.db TLS:{false [] { }}  } CSP:0xc42030fce0 Client:<nil> Intermediate:{ParentServer:{ URL: CAName:  } TLS:{Enabled:false CertFiles:[] Client:{KeyFile: CertFile:}} Enrollment:{ Name: Secret:**** Profile: Label: CSR:<nil> CAName: AttrReqs:[]  }} CRL:{Expiry:24h0m0s}}
2018/03/27 09:33:29 [DEBUG] CA Home Directory: /home/agiledeveloper/hyperledger/v1/HyperledgerProjects/artprovenance/config/crypto-config/ordererOrganizations/art.ifar.org/ca/root
2018/03/27 09:33:29 [DEBUG] Checking configuration file version '1.1.1-snapshot-d536f5a' against server version: '1.1.1-snapshot-d536f5a'
2018/03/27 09:33:29 [DEBUG] Initializing BCCSP: &{ProviderName:SW SwOpts:0xc42030fd40 PluginOpts:<nil> Pkcs11Opts:<nil>}
2018/03/27 09:33:29 [DEBUG] Initializing BCCSP with software options &{SecLevel:256 HashFamily:SHA2 Ephemeral:false FileKeystore:0xc4203237e0 DummyKeystore:<nil>}
2018/03/27 09:33:29 [DEBUG] Initialize key material
2018/03/27 09:33:29 [DEBUG] Making CA filenames absolute
2018/03/27 09:33:29 [DEBUG] Root CA certificate request: {CN:fabric-ca-server Names:[{C:US ST:North Carolina L: O:Hyperledger OU:Fabric SerialNumber:}] Hosts:[ubuntu localhost] KeyRequest:0xc420333d40 CA:0xc420332f60 SerialNumber:}
2018/03/27 09:33:29 [INFO] generating key: &{A:ecdsa S:256}
2018/03/27 09:33:29 [DEBUG] generate key from request: algo=ecdsa, size=256
2018/03/27 09:33:29 [INFO] encoded CSR
2018/03/27 09:33:29 [DEBUG] validating configuration
2018/03/27 09:33:29 [DEBUG] validate local profile
2018/03/27 09:33:29 [DEBUG] profile is valid
2018/03/27 09:33:29 [INFO] signed certificate with serial number 607210631031854129576425615525699045241954180071
2018/03/27 09:33:29 [INFO] The CA key and certificate were generated for CA 
2018/03/27 09:33:29 [INFO] The key was stored by BCCSP provider 'SW'
2018/03/27 09:33:29 [INFO] The certificate is at: /home/agiledeveloper/hyperledger/v1/HyperledgerProjects/artprovenance/config/crypto-config/ordererOrganizations/art.ifar.org/ca/root/ca-cert.pem
2018/03/27 09:33:29 [DEBUG] Initializing DB
2018/03/27 09:33:29 [DEBUG] Initializing 'sqlite3' database at '/home/agiledeveloper/hyperledger/v1/HyperledgerProjects/artprovenance/config/crypto-config/ordererOrganizations/art.ifar.org/ca/root/fabric-ca-server.db'
2018/03/27 09:33:29 [DEBUG] Using sqlite database, connect to database in home (/home/agiledeveloper/hyperledger/v1/HyperledgerProjects/artprovenance/config/crypto-config/ordererOrganizations/art.ifar.org/ca/root/fabric-ca-server.db) directory
2018/03/27 09:33:29 [DEBUG] Creating SQLite database (/home/agiledeveloper/hyperledger/v1/HyperledgerProjects/artprovenance/config/crypto-config/ordererOrganizations/art.ifar.org/ca/root/fabric-ca-server.db) if it does not exist...
2018/03/27 09:33:29 [DEBUG] Creating users table if it does not exist
2018/03/27 09:33:29 [DEBUG] Creating affiliations table if it does not exist
2018/03/27 09:33:29 [DEBUG] Creating certificates table if it does not exist
2018/03/27 09:33:29 [DEBUG] Creating properties table if it does not exist
2018/03/27 09:33:29 [DEBUG] Successfully opened sqlite3 DB
2018/03/27 09:33:29 [DEBUG] Checking database schema...
2018/03/27 09:33:29 [DEBUG] Update SQLite schema, if using outdated schema
2018/03/27 09:33:29 [DEBUG] Upgrade identities table
2018/03/27 09:33:29 [DEBUG] Creating users table if it does not exist
2018/03/27 09:33:29 [DEBUG] Upgrade affiliation table
2018/03/27 09:33:29 [DEBUG] Creating affiliations table if it does not exist
2018/03/27 09:33:29 [DEBUG] Upgrade certificates table
2018/03/27 09:33:29 [DEBUG] Creating certificates table if it does not exist
2018/03/27 09:33:29 [DEBUG] Initializing identity registry
2018/03/27 09:33:29 [DEBUG] Initialized DB identity registry
2018/03/27 09:33:29 [DEBUG] DB: Get properties [identity.level affiliation.level certificate.level]
2018/03/27 09:33:29 [DEBUG] Checking database levels 'map[affiliation.level:0 certificate.level:0 identity.level:0]' against server levels '&{Identity:1 Affiliation:1 Certificate:1}'
2018/03/27 09:33:29 [DEBUG] Loading identity table
2018/03/27 09:33:29 [DEBUG] Loading identity 'admin'
2018/03/27 09:33:29 [DEBUG] DB: Getting identity admin
2018/03/27 09:33:29 [DEBUG] Max enrollment value verification - User specified max enrollment: 0, CA max enrollment: -1
2018/03/27 09:33:29 [DEBUG] DB: Add identity admin
2018/03/27 09:33:29 [DEBUG] Successfully added identity admin to the database
2018/03/27 09:33:29 [DEBUG] Registered identity: { Name:**** Pass:**** Type:client Affiliation: MaxEnrollments:-1 Attrs:map[hf.GenCRL:1 hf.Registrar.Attributes:* hf.AffiliationMgr:1 hf.Registrar.Roles:peer,orderer,client,user hf.Registrar.DelegateRoles:peer,orderer,client,user hf.Revoker:1 hf.IntermediateCA:1]  }
2018/03/27 09:33:29 [DEBUG] Successfully loaded identity table
2018/03/27 09:33:29 [DEBUG] Loading affiliations table
2018/03/27 09:33:29 [DEBUG] DB: Add affiliation org1
2018/03/27 09:33:29 [DEBUG] Affiliation 'org1' added
2018/03/27 09:33:29 [DEBUG] DB: Add affiliation org1.department1
2018/03/27 09:33:29 [DEBUG] Affiliation 'org1.department1' added
2018/03/27 09:33:29 [DEBUG] DB: Add affiliation org1.department2
2018/03/27 09:33:29 [DEBUG] Affiliation 'org1.department2' added
2018/03/27 09:33:29 [DEBUG] DB: Add affiliation org2
2018/03/27 09:33:29 [DEBUG] Affiliation 'org2' added
2018/03/27 09:33:29 [DEBUG] DB: Add affiliation org2.department1
2018/03/27 09:33:29 [DEBUG] Affiliation 'org2.department1' added
2018/03/27 09:33:29 [DEBUG] Successfully loaded affiliations table
2018/03/27 09:33:29 [DEBUG] Checking and performing migration, if needed
2018/03/27 09:33:29 [DEBUG] Updating database level to &{Identity:1 Affiliation:1 Certificate:1}
2018/03/27 09:33:29 [INFO] Initialized sqlite3 database at /home/agiledeveloper/hyperledger/v1/HyperledgerProjects/artprovenance/config/crypto-config/ordererOrganizations/art.ifar.org/ca/root/fabric-ca-server.db
2018/03/27 09:33:29 [DEBUG] Initializing enrollment signer
2018/03/27 09:33:29 [DEBUG] validating configuration
2018/03/27 09:33:29 [DEBUG] validate local profile
2018/03/27 09:33:29 [DEBUG] profile is valid
2018/03/27 09:33:29 [DEBUG] validate local profile
2018/03/27 09:33:29 [DEBUG] profile is valid
2018/03/27 09:33:29 [DEBUG] validate local profile
2018/03/27 09:33:29 [DEBUG] profile is valid
2018/03/27 09:33:29 [DEBUG] CA initialization successful
2018/03/27 09:33:29 [INFO] Home directory for default CA: /home/agiledeveloper/hyperledger/v1/HyperledgerProjects/artprovenance/config/crypto-config/ordererOrganizations/art.ifar.org/ca/root
2018/03/27 09:33:29 [DEBUG] 1 CA instance(s) running on server
2018/03/27 09:33:29 [INFO] Listening on http://0.0.0.0:7100
2018/03/27 09:33:30 [DEBUG] Received request for /enroll
2018/03/27 09:33:30 [DEBUG] ca.Config: &{Version:1.1.1-snapshot-d536f5a Cfg:{Identities:{AllowRemove:false} Affiliations:{AllowRemove:false}} CA:{Name: Keyfile:/home/agiledeveloper/hyperledger/v1/HyperledgerProjects/artprovenance/config/crypto-config/ordererOrganizations/art.ifar.org/ca/root/ca-key.pem Certfile:/home/agiledeveloper/hyperledger/v1/HyperledgerProjects/artprovenance/config/crypto-config/ordererOrganizations/art.ifar.org/ca/root/ca-cert.pem Chainfile:/home/agiledeveloper/hyperledger/v1/HyperledgerProjects/artprovenance/config/crypto-config/ordererOrganizations/art.ifar.org/ca/root/ca-chain.pem} Signing:0xc420323960 CSR:{CN:fabric-ca-server Names:[{C:US ST:North Carolina L: O:Hyperledger OU:Fabric SerialNumber:}] Hosts:[ubuntu localhost] KeyRequest:0xc420333d20 CA:0xc420332f60 SerialNumber:} Registry:{MaxEnrollments:-1 Identities:[{ Name:**** Pass:**** Type:client Affiliation: MaxEnrollments:0 Attrs:map[hf.Revoker:1 hf.IntermediateCA:1 hf.GenCRL:1 hf.Registrar.Attributes:* hf.AffiliationMgr:1 hf.Registrar.Roles:peer,orderer,client,user hf.Registrar.DelegateRoles:peer,orderer,client,user]  }]} Affiliations:map[org2:[department1] org1:[department1 department2]] LDAP:{ Enabled:false URL:ldap://****:****@<host>:<port>/<base> UserFilter:(uid=%s) GroupFilter:(memberUid=%s) Attribute:{[uid member] [{ }] map[groups:[{ }]]} TLS:{false [] { }}  } DB:{ Type:sqlite3 Datasource:/home/agiledeveloper/hyperledger/v1/HyperledgerProjects/artprovenance/config/crypto-config/ordererOrganizations/art.ifar.org/ca/root/fabric-ca-server.db TLS:{false [] { }}  } CSP:0xc42030fce0 Client:<nil> Intermediate:{ParentServer:{ URL: CAName:  } TLS:{Enabled:false CertFiles:[] Client:{KeyFile: CertFile:}} Enrollment:{ Name: Secret:**** Profile: Label: CSR:<nil> CAName: AttrReqs:[]  }} CRL:{Expiry:24h0m0s}}
2018/03/27 09:33:30 [DEBUG] DB: Getting identity admin
2018/03/27 09:33:30 [DEBUG] DB: Login user admin with max enrollments of -1 and state of 0
2018/03/27 09:33:30 [DEBUG] DB: identity admin successfully logged in
2018/03/27 09:33:30 [DEBUG] Processing sign request: id=admin, CommonName=admin, Subject=<nil>
2018/03/27 09:33:30 [DEBUG] Request is not for a CA signing certificate
2018/03/27 09:33:30 [DEBUG] Checking CSR fields to make sure that they do not exceed maximum character limits
2018/03/27 09:33:30 [DEBUG] DB: Getting identity admin
2018/03/27 09:33:30 [DEBUG] Finished processing sign request
2018/03/27 09:33:30 [DEBUG] DB: Getting identity admin
2018/03/27 09:33:30 [INFO] signed certificate with serial number 77961114523816673652774636433504070296292747787
2018/03/27 09:33:30 [DEBUG] DB: Insert Certificate
2018/03/27 09:33:30 [DEBUG] Saved serial number as hex da7e5b444321dfe796458409216e3aca3feea0b
2018/03/27 09:33:30 [DEBUG] saved certificate with serial number 77961114523816673652774636433504070296292747787
2018/03/27 09:33:30 [DEBUG] Successfully incremented state for identity admin to 1
2018/03/27 09:33:30 [INFO] 127.0.0.1:59342 POST /enroll 201 0 "OK"
2018/03/27 09:33:30 [DEBUG] Received request for /enroll
2018/03/27 09:33:30 [DEBUG] ca.Config: &{Version:1.1.1-snapshot-d536f5a Cfg:{Identities:{AllowRemove:false} Affiliations:{AllowRemove:false}} CA:{Name: Keyfile:/home/agiledeveloper/hyperledger/v1/HyperledgerProjects/artprovenance/config/crypto-config/ordererOrganizations/art.ifar.org/ca/root/ca-key.pem Certfile:/home/agiledeveloper/hyperledger/v1/HyperledgerProjects/artprovenance/config/crypto-config/ordererOrganizations/art.ifar.org/ca/root/ca-cert.pem Chainfile:/home/agiledeveloper/hyperledger/v1/HyperledgerProjects/artprovenance/config/crypto-config/ordererOrganizations/art.ifar.org/ca/root/ca-chain.pem} Signing:0xc420323960 CSR:{CN:fabric-ca-server Names:[{C:US ST:North Carolina L: O:Hyperledger OU:Fabric SerialNumber:}] Hosts:[ubuntu localhost] KeyRequest:0xc420333d20 CA:0xc420332f60 SerialNumber:} Registry:{MaxEnrollments:-1 Identities:[{ Name:**** Pass:**** Type:client Affiliation: MaxEnrollments:0 Attrs:map[hf.AffiliationMgr:1 hf.Registrar.Roles:peer,orderer,client,user hf.Registrar.DelegateRoles:peer,orderer,client,user hf.Revoker:1 hf.IntermediateCA:1 hf.GenCRL:1 hf.Registrar.Attributes:*]  }]} Affiliations:map[org2:[department1] org1:[department1 department2]] LDAP:{ Enabled:false URL:ldap://****:****@<host>:<port>/<base> UserFilter:(uid=%s) GroupFilter:(memberUid=%s) Attribute:{[uid member] [{ }] map[groups:[{ }]]} TLS:{false [] { }}  } DB:{ Type:sqlite3 Datasource:/home/agiledeveloper/hyperledger/v1/HyperledgerProjects/artprovenance/config/crypto-config/ordererOrganizations/art.ifar.org/ca/root/fabric-ca-server.db TLS:{false [] { }}  } CSP:0xc42030fce0 Client:<nil> Intermediate:{ParentServer:{ URL: CAName:  } TLS:{Enabled:false CertFiles:[] Client:{KeyFile: CertFile:}} Enrollment:{ Name: Secret:**** Profile: Label: CSR:<nil> CAName: AttrReqs:[]  }} CRL:{Expiry:24h0m0s}}
2018/03/27 09:33:30 [DEBUG] DB: Getting identity admin
2018/03/27 09:33:30 [DEBUG] DB: Login user admin with max enrollments of -1 and state of 1
2018/03/27 09:33:30 [DEBUG] DB: identity admin successfully logged in
2018/03/27 09:33:30 [DEBUG] Processing sign request: id=admin, CommonName=admin, Subject=<nil>
2018/03/27 09:33:30 [DEBUG] Request is not for a CA signing certificate
2018/03/27 09:33:30 [DEBUG] Checking CSR fields to make sure that they do not exceed maximum character limits
2018/03/27 09:33:30 [DEBUG] DB: Getting identity admin
2018/03/27 09:33:30 [DEBUG] Finished processing sign request
2018/03/27 09:33:30 [DEBUG] DB: Getting identity admin
2018/03/27 09:33:30 [INFO] signed certificate with serial number 519143107479884825454990891793295018713975325198
2018/03/27 09:33:30 [DEBUG] DB: Insert Certificate
2018/03/27 09:33:30 [DEBUG] Saved serial number as hex 5aef2e9b46ff23827c6b1142a9e163fcba3b820e
2018/03/27 09:33:30 [DEBUG] saved certificate with serial number 519143107479884825454990891793295018713975325198
2018/03/27 09:33:30 [DEBUG] Successfully incremented state for identity admin to 2
2018/03/27 09:33:30 [INFO] 127.0.0.1:59344 POST /enroll 201 0 "OK"
2018/03/27 09:33:30 [DEBUG] Received request for /register
2018/03/27 09:33:30 [DEBUG] Checking for revocation/expiration of certificate owned by 'admin'
2018/03/27 09:33:30 [DEBUG] DB: Get certificate by serial (5aef2e9b46ff23827c6b1142a9e163fcba3b820e) and aki (2e2c3ac492c177df2feb95aa4996582202ae2445)
2018/03/27 09:33:30 [DEBUG] Successful token authentication of 'admin'
2018/03/27 09:33:30 [DEBUG] Received registration request from admin: { Name:nodeAdmin Type:user Secret:**** MaxEnrollments:0 Affiliation:org1 Attributes:[] CAName:  }
2018/03/27 09:33:30 [DEBUG] DB: Getting identity admin
2018/03/27 09:33:30 [DEBUG] canRegister - Check to see if user 'admin' can register
2018/03/27 09:33:30 [DEBUG] Checking to see if caller 'admin' is a registrar
2018/03/27 09:33:30 [DEBUG] Validate Affiliation
2018/03/27 09:33:30 [DEBUG] Checking to see if affiliation 'org1' contains caller's affiliation ''
2018/03/27 09:33:30 [DEBUG] Caller has root affiliation
2018/03/27 09:33:30 [DEBUG] Validate ID
2018/03/27 09:33:30 [DEBUG] Validating affiliation: org1
2018/03/27 09:33:30 [DEBUG] DB: Get affiliation org1
2018/03/27 09:33:30 [DEBUG] Registering user id: nodeAdmin
2018/03/27 09:33:30 [DEBUG] Max enrollment value verification - User specified max enrollment: 0, CA max enrollment: -1
2018/03/27 09:33:30 [DEBUG] DB: Getting identity nodeAdmin
2018/03/27 09:33:30 [DEBUG] DB: Add identity nodeAdmin
2018/03/27 09:33:30 [DEBUG] Successfully added identity nodeAdmin to the database
2018/03/27 09:33:30 [INFO] 127.0.0.1:59346 POST /register 201 0 "OK"
2018/03/27 09:33:30 [DEBUG] Received request for /enroll
2018/03/27 09:33:30 [DEBUG] ca.Config: &{Version:1.1.1-snapshot-d536f5a Cfg:{Identities:{AllowRemove:false} Affiliations:{AllowRemove:false}} CA:{Name: Keyfile:/home/agiledeveloper/hyperledger/v1/HyperledgerProjects/artprovenance/config/crypto-config/ordererOrganizations/art.ifar.org/ca/root/ca-key.pem Certfile:/home/agiledeveloper/hyperledger/v1/HyperledgerProjects/artprovenance/config/crypto-config/ordererOrganizations/art.ifar.org/ca/root/ca-cert.pem Chainfile:/home/agiledeveloper/hyperledger/v1/HyperledgerProjects/artprovenance/config/crypto-config/ordererOrganizations/art.ifar.org/ca/root/ca-chain.pem} Signing:0xc420323960 CSR:{CN:fabric-ca-server Names:[{C:US ST:North Carolina L: O:Hyperledger OU:Fabric SerialNumber:}] Hosts:[ubuntu localhost] KeyRequest:0xc420333d20 CA:0xc420332f60 SerialNumber:} Registry:{MaxEnrollments:-1 Identities:[{ Name:**** Pass:**** Type:client Affiliation: MaxEnrollments:0 Attrs:map[hf.IntermediateCA:1 hf.GenCRL:1 hf.Registrar.Attributes:* hf.AffiliationMgr:1 hf.Registrar.Roles:peer,orderer,client,user hf.Registrar.DelegateRoles:peer,orderer,client,user hf.Revoker:1]  }]} Affiliations:map[org2:[department1] org1:[department1 department2]] LDAP:{ Enabled:false URL:ldap://****:****@<host>:<port>/<base> UserFilter:(uid=%s) GroupFilter:(memberUid=%s) Attribute:{[uid member] [{ }] map[groups:[{ }]]} TLS:{false [] { }}  } DB:{ Type:sqlite3 Datasource:/home/agiledeveloper/hyperledger/v1/HyperledgerProjects/artprovenance/config/crypto-config/ordererOrganizations/art.ifar.org/ca/root/fabric-ca-server.db TLS:{false [] { }}  } CSP:0xc42030fce0 Client:<nil> Intermediate:{ParentServer:{ URL: CAName:  } TLS:{Enabled:false CertFiles:[] Client:{KeyFile: CertFile:}} Enrollment:{ Name: Secret:**** Profile: Label: CSR:<nil> CAName: AttrReqs:[]  }} CRL:{Expiry:24h0m0s}}
2018/03/27 09:33:30 [DEBUG] DB: Getting identity nodeAdmin
2018/03/27 09:33:30 [DEBUG] DB: Login user nodeAdmin with max enrollments of -1 and state of 0
2018/03/27 09:33:30 [DEBUG] DB: identity nodeAdmin successfully logged in
2018/03/27 09:33:30 [DEBUG] Processing sign request: id=nodeAdmin, CommonName=nodeAdmin, Subject=<nil>
2018/03/27 09:33:30 [DEBUG] Request is not for a CA signing certificate
2018/03/27 09:33:30 [DEBUG] Checking CSR fields to make sure that they do not exceed maximum character limits
2018/03/27 09:33:30 [DEBUG] DB: Getting identity nodeAdmin
2018/03/27 09:33:30 [DEBUG] Finished processing sign request
2018/03/27 09:33:30 [DEBUG] DB: Getting identity nodeAdmin
2018/03/27 09:33:30 [DEBUG] Attribute extension being added to certificate is: &{ID:[1 2 3 4 5 6 7 8 1] Critical:false Value:7b226174747273223a7b2268662e416666696c696174696f6e223a226f726731222c2268662e456e726f6c6c6d656e744944223a226e6f646541646d696e222c2268662e54797065223a2275736572227d7d}
2018/03/27 09:33:30 [DEBUG] Adding attribute extension to CSR: &{ID:[1 2 3 4 5 6 7 8 1] Critical:false Value:7b226174747273223a7b2268662e416666696c696174696f6e223a226f726731222c2268662e456e726f6c6c6d656e744944223a226e6f646541646d696e222c2268662e54797065223a2275736572227d7d}
2018/03/27 09:33:30 [INFO] signed certificate with serial number 60972630476475778882603222708007143970450924916
2018/03/27 09:33:30 [DEBUG] DB: Insert Certificate
2018/03/27 09:33:30 [DEBUG] Saved serial number as hex aae1b78b31e3f7483f766dc7076a79f47536574
2018/03/27 09:33:30 [DEBUG] saved certificate with serial number 60972630476475778882603222708007143970450924916
2018/03/27 09:33:30 [DEBUG] Successfully incremented state for identity nodeAdmin to 1
2018/03/27 09:33:30 [INFO] 127.0.0.1:59348 POST /enroll 201 0 "OK"
2018/03/27 09:33:30 [DEBUG] Received request for /register
2018/03/27 09:33:30 [DEBUG] Checking for revocation/expiration of certificate owned by 'admin'
2018/03/27 09:33:30 [DEBUG] DB: Get certificate by serial (5aef2e9b46ff23827c6b1142a9e163fcba3b820e) and aki (2e2c3ac492c177df2feb95aa4996582202ae2445)
2018/03/27 09:33:30 [DEBUG] Successful token authentication of 'admin'
2018/03/27 09:33:30 [DEBUG] Received registration request from admin: { Name:User1@art.ifar.org Type:user Secret:**** MaxEnrollments:0 Affiliation:org1 Attributes:[] CAName:  }
2018/03/27 09:33:30 [DEBUG] DB: Getting identity admin
2018/03/27 09:33:30 [DEBUG] canRegister - Check to see if user 'admin' can register
2018/03/27 09:33:30 [DEBUG] Checking to see if caller 'admin' is a registrar
2018/03/27 09:33:30 [DEBUG] Validate Affiliation
2018/03/27 09:33:30 [DEBUG] Checking to see if affiliation 'org1' contains caller's affiliation ''
2018/03/27 09:33:30 [DEBUG] Caller has root affiliation
2018/03/27 09:33:30 [DEBUG] Validate ID
2018/03/27 09:33:30 [DEBUG] Validating affiliation: org1
2018/03/27 09:33:30 [DEBUG] DB: Get affiliation org1
2018/03/27 09:33:30 [DEBUG] Registering user id: User1@art.ifar.org
2018/03/27 09:33:30 [DEBUG] Max enrollment value verification - User specified max enrollment: 0, CA max enrollment: -1
2018/03/27 09:33:30 [DEBUG] DB: Getting identity User1@art.ifar.org
2018/03/27 09:33:30 [DEBUG] DB: Add identity User1@art.ifar.org
2018/03/27 09:33:30 [DEBUG] Successfully added identity User1@art.ifar.org to the database
2018/03/27 09:33:30 [INFO] 127.0.0.1:59350 POST /register 201 0 "OK"
2018/03/27 09:33:30 [DEBUG] Received request for /enroll
2018/03/27 09:33:30 [DEBUG] ca.Config: &{Version:1.1.1-snapshot-d536f5a Cfg:{Identities:{AllowRemove:false} Affiliations:{AllowRemove:false}} CA:{Name: Keyfile:/home/agiledeveloper/hyperledger/v1/HyperledgerProjects/artprovenance/config/crypto-config/ordererOrganizations/art.ifar.org/ca/root/ca-key.pem Certfile:/home/agiledeveloper/hyperledger/v1/HyperledgerProjects/artprovenance/config/crypto-config/ordererOrganizations/art.ifar.org/ca/root/ca-cert.pem Chainfile:/home/agiledeveloper/hyperledger/v1/HyperledgerProjects/artprovenance/config/crypto-config/ordererOrganizations/art.ifar.org/ca/root/ca-chain.pem} Signing:0xc420323960 CSR:{CN:fabric-ca-server Names:[{C:US ST:North Carolina L: O:Hyperledger OU:Fabric SerialNumber:}] Hosts:[ubuntu localhost] KeyRequest:0xc420333d20 CA:0xc420332f60 SerialNumber:} Registry:{MaxEnrollments:-1 Identities:[{ Name:**** Pass:**** Type:client Affiliation: MaxEnrollments:0 Attrs:map[hf.IntermediateCA:1 hf.GenCRL:1 hf.Registrar.Attributes:* hf.AffiliationMgr:1 hf.Registrar.Roles:peer,orderer,client,user hf.Registrar.DelegateRoles:peer,orderer,client,user hf.Revoker:1]  }]} Affiliations:map[org2:[department1] org1:[department1 department2]] LDAP:{ Enabled:false URL:ldap://****:****@<host>:<port>/<base> UserFilter:(uid=%s) GroupFilter:(memberUid=%s) Attribute:{[uid member] [{ }] map[groups:[{ }]]} TLS:{false [] { }}  } DB:{ Type:sqlite3 Datasource:/home/agiledeveloper/hyperledger/v1/HyperledgerProjects/artprovenance/config/crypto-config/ordererOrganizations/art.ifar.org/ca/root/fabric-ca-server.db TLS:{false [] { }}  } CSP:0xc42030fce0 Client:<nil> Intermediate:{ParentServer:{ URL: CAName:  } TLS:{Enabled:false CertFiles:[] Client:{KeyFile: CertFile:}} Enrollment:{ Name: Secret:**** Profile: Label: CSR:<nil> CAName: AttrReqs:[]  }} CRL:{Expiry:24h0m0s}}
2018/03/27 09:33:30 [DEBUG] DB: Getting identity User1@art.ifar.org
2018/03/27 09:33:30 [DEBUG] DB: Login user User1@art.ifar.org with max enrollments of -1 and state of 0
2018/03/27 09:33:30 [DEBUG] DB: identity User1@art.ifar.org successfully logged in
2018/03/27 09:33:30 [DEBUG] Processing sign request: id=User1@art.ifar.org, CommonName=User1@art.ifar.org, Subject=<nil>
2018/03/27 09:33:30 [DEBUG] Request is not for a CA signing certificate
2018/03/27 09:33:30 [DEBUG] Checking CSR fields to make sure that they do not exceed maximum character limits
2018/03/27 09:33:30 [DEBUG] DB: Getting identity User1@art.ifar.org
2018/03/27 09:33:30 [DEBUG] Finished processing sign request
2018/03/27 09:33:30 [DEBUG] DB: Getting identity User1@art.ifar.org
2018/03/27 09:33:30 [DEBUG] Attribute extension being added to certificate is: &{ID:[1 2 3 4 5 6 7 8 1] Critical:false Value:7b226174747273223a7b2268662e416666696c696174696f6e223a226f726731222c2268662e456e726f6c6c6d656e744944223a225573657231406172742e696661722e6f7267222c2268662e54797065223a2275736572227d7d}
2018/03/27 09:33:30 [DEBUG] Adding attribute extension to CSR: &{ID:[1 2 3 4 5 6 7 8 1] Critical:false Value:7b226174747273223a7b2268662e416666696c696174696f6e223a226f726731222c2268662e456e726f6c6c6d656e744944223a225573657231406172742e696661722e6f7267222c2268662e54797065223a2275736572227d7d}
2018/03/27 09:33:30 [INFO] signed certificate with serial number 188845652221064862609368124843301548850041434545
2018/03/27 09:33:30 [DEBUG] DB: Insert Certificate
2018/03/27 09:33:30 [DEBUG] Saved serial number as hex 211421c56874ac61f8df38531d345513bcf1b1b1
2018/03/27 09:33:30 [DEBUG] saved certificate with serial number 188845652221064862609368124843301548850041434545
2018/03/27 09:33:30 [DEBUG] Successfully incremented state for identity User1@art.ifar.org to 1
2018/03/27 09:33:30 [INFO] 127.0.0.1:59352 POST /enroll 201 0 "OK"
2018/03/27 09:33:30 [DEBUG] Received request for /enroll
2018/03/27 09:33:30 [DEBUG] ca.Config: &{Version:1.1.1-snapshot-d536f5a Cfg:{Identities:{AllowRemove:false} Affiliations:{AllowRemove:false}} CA:{Name: Keyfile:/home/agiledeveloper/hyperledger/v1/HyperledgerProjects/artprovenance/config/crypto-config/ordererOrganizations/art.ifar.org/ca/root/ca-key.pem Certfile:/home/agiledeveloper/hyperledger/v1/HyperledgerProjects/artprovenance/config/crypto-config/ordererOrganizations/art.ifar.org/ca/root/ca-cert.pem Chainfile:/home/agiledeveloper/hyperledger/v1/HyperledgerProjects/artprovenance/config/crypto-config/ordererOrganizations/art.ifar.org/ca/root/ca-chain.pem} Signing:0xc420323960 CSR:{CN:fabric-ca-server Names:[{C:US ST:North Carolina L: O:Hyperledger OU:Fabric SerialNumber:}] Hosts:[ubuntu localhost] KeyRequest:0xc420333d20 CA:0xc420332f60 SerialNumber:} Registry:{MaxEnrollments:-1 Identities:[{ Name:**** Pass:**** Type:client Affiliation: MaxEnrollments:0 Attrs:map[hf.Registrar.Roles:peer,orderer,client,user hf.Registrar.DelegateRoles:peer,orderer,client,user hf.Revoker:1 hf.IntermediateCA:1 hf.GenCRL:1 hf.Registrar.Attributes:* hf.AffiliationMgr:1]  }]} Affiliations:map[org2:[department1] org1:[department1 department2]] LDAP:{ Enabled:false URL:ldap://****:****@<host>:<port>/<base> UserFilter:(uid=%s) GroupFilter:(memberUid=%s) Attribute:{[uid member] [{ }] map[groups:[{ }]]} TLS:{false [] { }}  } DB:{ Type:sqlite3 Datasource:/home/agiledeveloper/hyperledger/v1/HyperledgerProjects/artprovenance/config/crypto-config/ordererOrganizations/art.ifar.org/ca/root/fabric-ca-server.db TLS:{false [] { }}  } CSP:0xc42030fce0 Client:<nil> Intermediate:{ParentServer:{ URL: CAName:  } TLS:{Enabled:false CertFiles:[] Client:{KeyFile: CertFile:}} Enrollment:{ Name: Secret:**** Profile: Label: CSR:<nil> CAName: AttrReqs:[]  }} CRL:{Expiry:24h0m0s}}
2018/03/27 09:33:30 [DEBUG] DB: Getting identity admin
2018/03/27 09:33:30 [DEBUG] DB: Login user admin with max enrollments of -1 and state of 2
2018/03/27 09:33:30 [DEBUG] DB: identity admin successfully logged in
2018/03/27 09:33:30 [DEBUG] Processing sign request: id=admin, CommonName=admin, Subject=<nil>
2018/03/27 09:33:30 [DEBUG] Request is not for a CA signing certificate
2018/03/27 09:33:30 [DEBUG] Checking CSR fields to make sure that they do not exceed maximum character limits
2018/03/27 09:33:30 [DEBUG] DB: Getting identity admin
2018/03/27 09:33:30 [DEBUG] Finished processing sign request
2018/03/27 09:33:30 [DEBUG] DB: Getting identity admin
2018/03/27 09:33:30 [INFO] signed certificate with serial number 491967133299722593809896313073578743260923214306
2018/03/27 09:33:30 [DEBUG] DB: Insert Certificate
2018/03/27 09:33:30 [DEBUG] Saved serial number as hex 562c91b8f5cc421ef8536935a4ffde44c89eb9e2
2018/03/27 09:33:30 [DEBUG] saved certificate with serial number 491967133299722593809896313073578743260923214306
2018/03/27 09:33:30 [DEBUG] Successfully incremented state for identity admin to 3
2018/03/27 09:33:30 [INFO] 127.0.0.1:59354 POST /enroll 201 0 "OK"
2018/03/27 09:33:30 [DEBUG] Received request for /register
2018/03/27 09:33:30 [DEBUG] Checking for revocation/expiration of certificate owned by 'admin'
2018/03/27 09:33:30 [DEBUG] DB: Get certificate by serial (5aef2e9b46ff23827c6b1142a9e163fcba3b820e) and aki (2e2c3ac492c177df2feb95aa4996582202ae2445)
2018/03/27 09:33:30 [DEBUG] Successful token authentication of 'admin'
2018/03/27 09:33:30 [DEBUG] Received registration request from admin: { Name:orderer0.art.ifar.org Type:user Secret:**** MaxEnrollments:0 Affiliation:org1 Attributes:[] CAName:  }
2018/03/27 09:33:30 [DEBUG] DB: Getting identity admin
2018/03/27 09:33:30 [DEBUG] canRegister - Check to see if user 'admin' can register
2018/03/27 09:33:30 [DEBUG] Checking to see if caller 'admin' is a registrar
2018/03/27 09:33:30 [DEBUG] Validate Affiliation
2018/03/27 09:33:30 [DEBUG] Checking to see if affiliation 'org1' contains caller's affiliation ''
2018/03/27 09:33:30 [DEBUG] Caller has root affiliation
2018/03/27 09:33:30 [DEBUG] Validate ID
2018/03/27 09:33:30 [DEBUG] Validating affiliation: org1
2018/03/27 09:33:30 [DEBUG] DB: Get affiliation org1
2018/03/27 09:33:30 [DEBUG] Registering user id: orderer0.art.ifar.org
2018/03/27 09:33:30 [DEBUG] Max enrollment value verification - User specified max enrollment: 0, CA max enrollment: -1
2018/03/27 09:33:30 [DEBUG] DB: Getting identity orderer0.art.ifar.org
2018/03/27 09:33:30 [DEBUG] DB: Add identity orderer0.art.ifar.org
2018/03/27 09:33:31 [DEBUG] Successfully added identity orderer0.art.ifar.org to the database
2018/03/27 09:33:31 [INFO] 127.0.0.1:59356 POST /register 201 0 "OK"
2018/03/27 09:33:31 [DEBUG] Received request for /enroll
2018/03/27 09:33:31 [DEBUG] ca.Config: &{Version:1.1.1-snapshot-d536f5a Cfg:{Identities:{AllowRemove:false} Affiliations:{AllowRemove:false}} CA:{Name: Keyfile:/home/agiledeveloper/hyperledger/v1/HyperledgerProjects/artprovenance/config/crypto-config/ordererOrganizations/art.ifar.org/ca/root/ca-key.pem Certfile:/home/agiledeveloper/hyperledger/v1/HyperledgerProjects/artprovenance/config/crypto-config/ordererOrganizations/art.ifar.org/ca/root/ca-cert.pem Chainfile:/home/agiledeveloper/hyperledger/v1/HyperledgerProjects/artprovenance/config/crypto-config/ordererOrganizations/art.ifar.org/ca/root/ca-chain.pem} Signing:0xc420323960 CSR:{CN:fabric-ca-server Names:[{C:US ST:North Carolina L: O:Hyperledger OU:Fabric SerialNumber:}] Hosts:[ubuntu localhost] KeyRequest:0xc420333d20 CA:0xc420332f60 SerialNumber:} Registry:{MaxEnrollments:-1 Identities:[{ Name:**** Pass:**** Type:client Affiliation: MaxEnrollments:0 Attrs:map[hf.Revoker:1 hf.IntermediateCA:1 hf.GenCRL:1 hf.Registrar.Attributes:* hf.AffiliationMgr:1 hf.Registrar.Roles:peer,orderer,client,user hf.Registrar.DelegateRoles:peer,orderer,client,user]  }]} Affiliations:map[org2:[department1] org1:[department1 department2]] LDAP:{ Enabled:false URL:ldap://****:****@<host>:<port>/<base> UserFilter:(uid=%s) GroupFilter:(memberUid=%s) Attribute:{[uid member] [{ }] map[groups:[{ }]]} TLS:{false [] { }}  } DB:{ Type:sqlite3 Datasource:/home/agiledeveloper/hyperledger/v1/HyperledgerProjects/artprovenance/config/crypto-config/ordererOrganizations/art.ifar.org/ca/root/fabric-ca-server.db TLS:{false [] { }}  } CSP:0xc42030fce0 Client:<nil> Intermediate:{ParentServer:{ URL: CAName:  } TLS:{Enabled:false CertFiles:[] Client:{KeyFile: CertFile:}} Enrollment:{ Name: Secret:**** Profile: Label: CSR:<nil> CAName: AttrReqs:[]  }} CRL:{Expiry:24h0m0s}}
2018/03/27 09:33:31 [DEBUG] DB: Getting identity orderer0.art.ifar.org
2018/03/27 09:33:31 [DEBUG] DB: Login user orderer0.art.ifar.org with max enrollments of -1 and state of 0
2018/03/27 09:33:31 [DEBUG] DB: identity orderer0.art.ifar.org successfully logged in
2018/03/27 09:33:31 [DEBUG] Processing sign request: id=orderer0.art.ifar.org, CommonName=orderer0.art.ifar.org, Subject=<nil>
2018/03/27 09:33:31 [DEBUG] Request is not for a CA signing certificate
2018/03/27 09:33:31 [DEBUG] Checking CSR fields to make sure that they do not exceed maximum character limits
2018/03/27 09:33:31 [DEBUG] DB: Getting identity orderer0.art.ifar.org
2018/03/27 09:33:31 [DEBUG] Finished processing sign request
2018/03/27 09:33:31 [DEBUG] DB: Getting identity orderer0.art.ifar.org
2018/03/27 09:33:31 [DEBUG] Attribute extension being added to certificate is: &{ID:[1 2 3 4 5 6 7 8 1] Critical:false Value:7b226174747273223a7b2268662e416666696c696174696f6e223a226f726731222c2268662e456e726f6c6c6d656e744944223a226f726465726572302e6172742e696661722e6f7267222c2268662e54797065223a2275736572227d7d}
2018/03/27 09:33:31 [DEBUG] Adding attribute extension to CSR: &{ID:[1 2 3 4 5 6 7 8 1] Critical:false Value:7b226174747273223a7b2268662e416666696c696174696f6e223a226f726731222c2268662e456e726f6c6c6d656e744944223a226f726465726572302e6172742e696661722e6f7267222c2268662e54797065223a2275736572227d7d}
2018/03/27 09:33:31 [INFO] signed certificate with serial number 609493843264830042079395738189841464806868779311
2018/03/27 09:33:31 [DEBUG] DB: Insert Certificate
2018/03/27 09:33:31 [DEBUG] Saved serial number as hex 6ac2a6300c03ad45a6d813863627df24797c012f
2018/03/27 09:33:31 [DEBUG] saved certificate with serial number 609493843264830042079395738189841464806868779311
2018/03/27 09:33:31 [DEBUG] Successfully incremented state for identity orderer0.art.ifar.org to 1
2018/03/27 09:33:31 [INFO] 127.0.0.1:59358 POST /enroll 201 0 "OK"
2018/03/27 09:33:31 [DEBUG] Received request for /enroll
2018/03/27 09:33:31 [DEBUG] ca.Config: &{Version:1.1.1-snapshot-d536f5a Cfg:{Identities:{AllowRemove:false} Affiliations:{AllowRemove:false}} CA:{Name: Keyfile:/home/agiledeveloper/hyperledger/v1/HyperledgerProjects/artprovenance/config/crypto-config/ordererOrganizations/art.ifar.org/ca/root/ca-key.pem Certfile:/home/agiledeveloper/hyperledger/v1/HyperledgerProjects/artprovenance/config/crypto-config/ordererOrganizations/art.ifar.org/ca/root/ca-cert.pem Chainfile:/home/agiledeveloper/hyperledger/v1/HyperledgerProjects/artprovenance/config/crypto-config/ordererOrganizations/art.ifar.org/ca/root/ca-chain.pem} Signing:0xc420323960 CSR:{CN:fabric-ca-server Names:[{C:US ST:North Carolina L: O:Hyperledger OU:Fabric SerialNumber:}] Hosts:[ubuntu localhost] KeyRequest:0xc420333d20 CA:0xc420332f60 SerialNumber:} Registry:{MaxEnrollments:-1 Identities:[{ Name:**** Pass:**** Type:client Affiliation: MaxEnrollments:0 Attrs:map[hf.AffiliationMgr:1 hf.Registrar.Roles:peer,orderer,client,user hf.Registrar.DelegateRoles:peer,orderer,client,user hf.Revoker:1 hf.IntermediateCA:1 hf.GenCRL:1 hf.Registrar.Attributes:*]  }]} Affiliations:map[org2:[department1] org1:[department1 department2]] LDAP:{ Enabled:false URL:ldap://****:****@<host>:<port>/<base> UserFilter:(uid=%s) GroupFilter:(memberUid=%s) Attribute:{[uid member] [{ }] map[groups:[{ }]]} TLS:{false [] { }}  } DB:{ Type:sqlite3 Datasource:/home/agiledeveloper/hyperledger/v1/HyperledgerProjects/artprovenance/config/crypto-config/ordererOrganizations/art.ifar.org/ca/root/fabric-ca-server.db TLS:{false [] { }}  } CSP:0xc42030fce0 Client:<nil> Intermediate:{ParentServer:{ URL: CAName:  } TLS:{Enabled:false CertFiles:[] Client:{KeyFile: CertFile:}} Enrollment:{ Name: Secret:**** Profile: Label: CSR:<nil> CAName: AttrReqs:[]  }} CRL:{Expiry:24h0m0s}}
2018/03/27 09:33:31 [DEBUG] DB: Getting identity admin
2018/03/27 09:33:31 [DEBUG] DB: Login user admin with max enrollments of -1 and state of 3
2018/03/27 09:33:31 [DEBUG] DB: identity admin successfully logged in
2018/03/27 09:33:31 [DEBUG] Processing sign request: id=admin, CommonName=admin, Subject=<nil>
2018/03/27 09:33:31 [DEBUG] Request is not for a CA signing certificate
2018/03/27 09:33:31 [DEBUG] Checking CSR fields to make sure that they do not exceed maximum character limits
2018/03/27 09:33:31 [DEBUG] DB: Getting identity admin
2018/03/27 09:33:31 [DEBUG] Finished processing sign request
2018/03/27 09:33:31 [DEBUG] DB: Getting identity admin
2018/03/27 09:33:31 [INFO] signed certificate with serial number 482319233762714074079923731947248708413961148746
2018/03/27 09:33:31 [DEBUG] DB: Insert Certificate
2018/03/27 09:33:31 [DEBUG] Saved serial number as hex 547bf14473d7d005fa5ddabed3ab50dc979a194a
2018/03/27 09:33:31 [DEBUG] saved certificate with serial number 482319233762714074079923731947248708413961148746
2018/03/27 09:33:31 [DEBUG] Successfully incremented state for identity admin to 4
2018/03/27 09:33:31 [INFO] 127.0.0.1:59360 POST /enroll 201 0 "OK"
2018/03/27 09:33:31 [DEBUG] Received request for /register
2018/03/27 09:33:31 [DEBUG] Checking for revocation/expiration of certificate owned by 'admin'
2018/03/27 09:33:31 [DEBUG] DB: Get certificate by serial (5aef2e9b46ff23827c6b1142a9e163fcba3b820e) and aki (2e2c3ac492c177df2feb95aa4996582202ae2445)
2018/03/27 09:33:31 [DEBUG] Successful token authentication of 'admin'
2018/03/27 09:33:31 [DEBUG] Received registration request from admin: { Name:orderer1.art.ifar.org Type:user Secret:**** MaxEnrollments:0 Affiliation:org1 Attributes:[] CAName:  }
2018/03/27 09:33:31 [DEBUG] DB: Getting identity admin
2018/03/27 09:33:31 [DEBUG] canRegister - Check to see if user 'admin' can register
2018/03/27 09:33:31 [DEBUG] Checking to see if caller 'admin' is a registrar
2018/03/27 09:33:31 [DEBUG] Validate Affiliation
2018/03/27 09:33:31 [DEBUG] Checking to see if affiliation 'org1' contains caller's affiliation ''
2018/03/27 09:33:31 [DEBUG] Caller has root affiliation
2018/03/27 09:33:31 [DEBUG] Validate ID
2018/03/27 09:33:31 [DEBUG] Validating affiliation: org1
2018/03/27 09:33:31 [DEBUG] DB: Get affiliation org1
2018/03/27 09:33:31 [DEBUG] Registering user id: orderer1.art.ifar.org
2018/03/27 09:33:31 [DEBUG] Max enrollment value verification - User specified max enrollment: 0, CA max enrollment: -1
2018/03/27 09:33:31 [DEBUG] DB: Getting identity orderer1.art.ifar.org
2018/03/27 09:33:31 [DEBUG] DB: Add identity orderer1.art.ifar.org
2018/03/27 09:33:31 [DEBUG] Successfully added identity orderer1.art.ifar.org to the database
2018/03/27 09:33:31 [INFO] 127.0.0.1:59362 POST /register 201 0 "OK"
2018/03/27 09:33:31 [DEBUG] Received request for /enroll
2018/03/27 09:33:31 [DEBUG] ca.Config: &{Version:1.1.1-snapshot-d536f5a Cfg:{Identities:{AllowRemove:false} Affiliations:{AllowRemove:false}} CA:{Name: Keyfile:/home/agiledeveloper/hyperledger/v1/HyperledgerProjects/artprovenance/config/crypto-config/ordererOrganizations/art.ifar.org/ca/root/ca-key.pem Certfile:/home/agiledeveloper/hyperledger/v1/HyperledgerProjects/artprovenance/config/crypto-config/ordererOrganizations/art.ifar.org/ca/root/ca-cert.pem Chainfile:/home/agiledeveloper/hyperledger/v1/HyperledgerProjects/artprovenance/config/crypto-config/ordererOrganizations/art.ifar.org/ca/root/ca-chain.pem} Signing:0xc420323960 CSR:{CN:fabric-ca-server Names:[{C:US ST:North Carolina L: O:Hyperledger OU:Fabric SerialNumber:}] Hosts:[ubuntu localhost] KeyRequest:0xc420333d20 CA:0xc420332f60 SerialNumber:} Registry:{MaxEnrollments:-1 Identities:[{ Name:**** Pass:**** Type:client Affiliation: MaxEnrollments:0 Attrs:map[hf.AffiliationMgr:1 hf.Registrar.Roles:peer,orderer,client,user hf.Registrar.DelegateRoles:peer,orderer,client,user hf.Revoker:1 hf.IntermediateCA:1 hf.GenCRL:1 hf.Registrar.Attributes:*]  }]} Affiliations:map[org2:[department1] org1:[department1 department2]] LDAP:{ Enabled:false URL:ldap://****:****@<host>:<port>/<base> UserFilter:(uid=%s) GroupFilter:(memberUid=%s) Attribute:{[uid member] [{ }] map[groups:[{ }]]} TLS:{false [] { }}  } DB:{ Type:sqlite3 Datasource:/home/agiledeveloper/hyperledger/v1/HyperledgerProjects/artprovenance/config/crypto-config/ordererOrganizations/art.ifar.org/ca/root/fabric-ca-server.db TLS:{false [] { }}  } CSP:0xc42030fce0 Client:<nil> Intermediate:{ParentServer:{ URL: CAName:  } TLS:{Enabled:false CertFiles:[] Client:{KeyFile: CertFile:}} Enrollment:{ Name: Secret:**** Profile: Label: CSR:<nil> CAName: AttrReqs:[]  }} CRL:{Expiry:24h0m0s}}
2018/03/27 09:33:31 [DEBUG] DB: Getting identity orderer1.art.ifar.org
2018/03/27 09:33:31 [DEBUG] DB: Login user orderer1.art.ifar.org with max enrollments of -1 and state of 0
2018/03/27 09:33:31 [DEBUG] DB: identity orderer1.art.ifar.org successfully logged in
2018/03/27 09:33:31 [DEBUG] Processing sign request: id=orderer1.art.ifar.org, CommonName=orderer1.art.ifar.org, Subject=<nil>
2018/03/27 09:33:31 [DEBUG] Request is not for a CA signing certificate
2018/03/27 09:33:31 [DEBUG] Checking CSR fields to make sure that they do not exceed maximum character limits
2018/03/27 09:33:31 [DEBUG] DB: Getting identity orderer1.art.ifar.org
2018/03/27 09:33:31 [DEBUG] Finished processing sign request
2018/03/27 09:33:31 [DEBUG] DB: Getting identity orderer1.art.ifar.org
2018/03/27 09:33:31 [DEBUG] Attribute extension being added to certificate is: &{ID:[1 2 3 4 5 6 7 8 1] Critical:false Value:7b226174747273223a7b2268662e416666696c696174696f6e223a226f726731222c2268662e456e726f6c6c6d656e744944223a226f726465726572312e6172742e696661722e6f7267222c2268662e54797065223a2275736572227d7d}
2018/03/27 09:33:31 [DEBUG] Adding attribute extension to CSR: &{ID:[1 2 3 4 5 6 7 8 1] Critical:false Value:7b226174747273223a7b2268662e416666696c696174696f6e223a226f726731222c2268662e456e726f6c6c6d656e744944223a226f726465726572312e6172742e696661722e6f7267222c2268662e54797065223a2275736572227d7d}
2018/03/27 09:33:31 [INFO] signed certificate with serial number 722681684973110216178253632620956381446050492545
2018/03/27 09:33:31 [DEBUG] DB: Insert Certificate
2018/03/27 09:33:31 [DEBUG] Saved serial number as hex 7e962ae352519b1bba73236182f23a6617cd3081
2018/03/27 09:33:31 [DEBUG] saved certificate with serial number 722681684973110216178253632620956381446050492545
2018/03/27 09:33:31 [DEBUG] Successfully incremented state for identity orderer1.art.ifar.org to 1
2018/03/27 09:33:31 [INFO] 127.0.0.1:59364 POST /enroll 201 0 "OK"
2018/03/27 09:33:31 [DEBUG] Received request for /enroll
2018/03/27 09:33:31 [DEBUG] ca.Config: &{Version:1.1.1-snapshot-d536f5a Cfg:{Identities:{AllowRemove:false} Affiliations:{AllowRemove:false}} CA:{Name: Keyfile:/home/agiledeveloper/hyperledger/v1/HyperledgerProjects/artprovenance/config/crypto-config/ordererOrganizations/art.ifar.org/ca/root/ca-key.pem Certfile:/home/agiledeveloper/hyperledger/v1/HyperledgerProjects/artprovenance/config/crypto-config/ordererOrganizations/art.ifar.org/ca/root/ca-cert.pem Chainfile:/home/agiledeveloper/hyperledger/v1/HyperledgerProjects/artprovenance/config/crypto-config/ordererOrganizations/art.ifar.org/ca/root/ca-chain.pem} Signing:0xc420323960 CSR:{CN:fabric-ca-server Names:[{C:US ST:North Carolina L: O:Hyperledger OU:Fabric SerialNumber:}] Hosts:[ubuntu localhost] KeyRequest:0xc420333d20 CA:0xc420332f60 SerialNumber:} Registry:{MaxEnrollments:-1 Identities:[{ Name:**** Pass:**** Type:client Affiliation: MaxEnrollments:0 Attrs:map[hf.Registrar.Attributes:* hf.AffiliationMgr:1 hf.Registrar.Roles:peer,orderer,client,user hf.Registrar.DelegateRoles:peer,orderer,client,user hf.Revoker:1 hf.IntermediateCA:1 hf.GenCRL:1]  }]} Affiliations:map[org2:[department1] org1:[department1 department2]] LDAP:{ Enabled:false URL:ldap://****:****@<host>:<port>/<base> UserFilter:(uid=%s) GroupFilter:(memberUid=%s) Attribute:{[uid member] [{ }] map[groups:[{ }]]} TLS:{false [] { }}  } DB:{ Type:sqlite3 Datasource:/home/agiledeveloper/hyperledger/v1/HyperledgerProjects/artprovenance/config/crypto-config/ordererOrganizations/art.ifar.org/ca/root/fabric-ca-server.db TLS:{false [] { }}  } CSP:0xc42030fce0 Client:<nil> Intermediate:{ParentServer:{ URL: CAName:  } TLS:{Enabled:false CertFiles:[] Client:{KeyFile: CertFile:}} Enrollment:{ Name: Secret:**** Profile: Label: CSR:<nil> CAName: AttrReqs:[]  }} CRL:{Expiry:24h0m0s}}
2018/03/27 09:33:31 [DEBUG] DB: Getting identity admin
2018/03/27 09:33:31 [DEBUG] DB: Login user admin with max enrollments of -1 and state of 4
2018/03/27 09:33:31 [DEBUG] DB: identity admin successfully logged in
2018/03/27 09:33:31 [DEBUG] Processing sign request: id=admin, CommonName=admin, Subject=<nil>
2018/03/27 09:33:31 [DEBUG] Request is not for a CA signing certificate
2018/03/27 09:33:31 [DEBUG] Checking CSR fields to make sure that they do not exceed maximum character limits
2018/03/27 09:33:31 [DEBUG] DB: Getting identity admin
2018/03/27 09:33:31 [DEBUG] Finished processing sign request
2018/03/27 09:33:31 [DEBUG] DB: Getting identity admin
2018/03/27 09:33:31 [INFO] signed certificate with serial number 53324067333163163765872817058610587058009526995
2018/03/27 09:33:31 [DEBUG] DB: Insert Certificate
2018/03/27 09:33:31 [DEBUG] Saved serial number as hex 9572245c85203e463289097fee325239263d2d3
2018/03/27 09:33:31 [DEBUG] saved certificate with serial number 53324067333163163765872817058610587058009526995
2018/03/27 09:33:31 [DEBUG] Successfully incremented state for identity admin to 5
2018/03/27 09:33:31 [INFO] 127.0.0.1:59366 POST /enroll 201 0 "OK"
2018/03/27 09:33:31 [DEBUG] Received request for /register
2018/03/27 09:33:31 [DEBUG] Checking for revocation/expiration of certificate owned by 'admin'
2018/03/27 09:33:31 [DEBUG] DB: Get certificate by serial (5aef2e9b46ff23827c6b1142a9e163fcba3b820e) and aki (2e2c3ac492c177df2feb95aa4996582202ae2445)
2018/03/27 09:33:31 [DEBUG] Successful token authentication of 'admin'
2018/03/27 09:33:31 [DEBUG] Received registration request from admin: { Name:orderer2.art.ifar.org Type:user Secret:**** MaxEnrollments:0 Affiliation:org1 Attributes:[] CAName:  }
2018/03/27 09:33:31 [DEBUG] DB: Getting identity admin
2018/03/27 09:33:31 [DEBUG] canRegister - Check to see if user 'admin' can register
2018/03/27 09:33:31 [DEBUG] Checking to see if caller 'admin' is a registrar
2018/03/27 09:33:31 [DEBUG] Validate Affiliation
2018/03/27 09:33:31 [DEBUG] Checking to see if affiliation 'org1' contains caller's affiliation ''
2018/03/27 09:33:31 [DEBUG] Caller has root affiliation
2018/03/27 09:33:31 [DEBUG] Validate ID
2018/03/27 09:33:31 [DEBUG] Validating affiliation: org1
2018/03/27 09:33:31 [DEBUG] DB: Get affiliation org1
2018/03/27 09:33:31 [DEBUG] Registering user id: orderer2.art.ifar.org
2018/03/27 09:33:31 [DEBUG] Max enrollment value verification - User specified max enrollment: 0, CA max enrollment: -1
2018/03/27 09:33:31 [DEBUG] DB: Getting identity orderer2.art.ifar.org
2018/03/27 09:33:31 [DEBUG] DB: Add identity orderer2.art.ifar.org
2018/03/27 09:33:31 [DEBUG] Successfully added identity orderer2.art.ifar.org to the database
2018/03/27 09:33:31 [INFO] 127.0.0.1:59368 POST /register 201 0 "OK"
2018/03/27 09:33:31 [DEBUG] Received request for /enroll
2018/03/27 09:33:31 [DEBUG] ca.Config: &{Version:1.1.1-snapshot-d536f5a Cfg:{Identities:{AllowRemove:false} Affiliations:{AllowRemove:false}} CA:{Name: Keyfile:/home/agiledeveloper/hyperledger/v1/HyperledgerProjects/artprovenance/config/crypto-config/ordererOrganizations/art.ifar.org/ca/root/ca-key.pem Certfile:/home/agiledeveloper/hyperledger/v1/HyperledgerProjects/artprovenance/config/crypto-config/ordererOrganizations/art.ifar.org/ca/root/ca-cert.pem Chainfile:/home/agiledeveloper/hyperledger/v1/HyperledgerProjects/artprovenance/config/crypto-config/ordererOrganizations/art.ifar.org/ca/root/ca-chain.pem} Signing:0xc420323960 CSR:{CN:fabric-ca-server Names:[{C:US ST:North Carolina L: O:Hyperledger OU:Fabric SerialNumber:}] Hosts:[ubuntu localhost] KeyRequest:0xc420333d20 CA:0xc420332f60 SerialNumber:} Registry:{MaxEnrollments:-1 Identities:[{ Name:**** Pass:**** Type:client Affiliation: MaxEnrollments:0 Attrs:map[hf.Registrar.DelegateRoles:peer,orderer,client,user hf.Revoker:1 hf.IntermediateCA:1 hf.GenCRL:1 hf.Registrar.Attributes:* hf.AffiliationMgr:1 hf.Registrar.Roles:peer,orderer,client,user]  }]} Affiliations:map[org1:[department1 department2] org2:[department1]] LDAP:{ Enabled:false URL:ldap://****:****@<host>:<port>/<base> UserFilter:(uid=%s) GroupFilter:(memberUid=%s) Attribute:{[uid member] [{ }] map[groups:[{ }]]} TLS:{false [] { }}  } DB:{ Type:sqlite3 Datasource:/home/agiledeveloper/hyperledger/v1/HyperledgerProjects/artprovenance/config/crypto-config/ordererOrganizations/art.ifar.org/ca/root/fabric-ca-server.db TLS:{false [] { }}  } CSP:0xc42030fce0 Client:<nil> Intermediate:{ParentServer:{ URL: CAName:  } TLS:{Enabled:false CertFiles:[] Client:{KeyFile: CertFile:}} Enrollment:{ Name: Secret:**** Profile: Label: CSR:<nil> CAName: AttrReqs:[]  }} CRL:{Expiry:24h0m0s}}
2018/03/27 09:33:31 [DEBUG] DB: Getting identity orderer2.art.ifar.org
2018/03/27 09:33:31 [DEBUG] DB: Login user orderer2.art.ifar.org with max enrollments of -1 and state of 0
2018/03/27 09:33:31 [DEBUG] DB: identity orderer2.art.ifar.org successfully logged in
2018/03/27 09:33:31 [DEBUG] Processing sign request: id=orderer2.art.ifar.org, CommonName=orderer2.art.ifar.org, Subject=<nil>
2018/03/27 09:33:31 [DEBUG] Request is not for a CA signing certificate
2018/03/27 09:33:31 [DEBUG] Checking CSR fields to make sure that they do not exceed maximum character limits
2018/03/27 09:33:31 [DEBUG] DB: Getting identity orderer2.art.ifar.org
2018/03/27 09:33:31 [DEBUG] Finished processing sign request
2018/03/27 09:33:31 [DEBUG] DB: Getting identity orderer2.art.ifar.org
2018/03/27 09:33:31 [DEBUG] Attribute extension being added to certificate is: &{ID:[1 2 3 4 5 6 7 8 1] Critical:false Value:7b226174747273223a7b2268662e416666696c696174696f6e223a226f726731222c2268662e456e726f6c6c6d656e744944223a226f726465726572322e6172742e696661722e6f7267222c2268662e54797065223a2275736572227d7d}
2018/03/27 09:33:31 [DEBUG] Adding attribute extension to CSR: &{ID:[1 2 3 4 5 6 7 8 1] Critical:false Value:7b226174747273223a7b2268662e416666696c696174696f6e223a226f726731222c2268662e456e726f6c6c6d656e744944223a226f726465726572322e6172742e696661722e6f7267222c2268662e54797065223a2275736572227d7d}
2018/03/27 09:33:31 [INFO] signed certificate with serial number 64792485946172665076891225974939635809654589471
2018/03/27 09:33:31 [DEBUG] DB: Insert Certificate
2018/03/27 09:33:31 [DEBUG] Saved serial number as hex b596543037e4ee27a7434787dc3a73660cac81f
2018/03/27 09:33:31 [DEBUG] saved certificate with serial number 64792485946172665076891225974939635809654589471
2018/03/27 09:33:31 [DEBUG] Successfully incremented state for identity orderer2.art.ifar.org to 1
2018/03/27 09:33:31 [INFO] 127.0.0.1:59370 POST /enroll 201 0 "OK"
2018/03/27 09:33:31 [DEBUG] Received request for /cainfo
2018/03/27 09:33:31 [INFO] 127.0.0.1:59372 POST /cainfo 200 0 "OK"
