Defaulting FABRIC_CFG_PATH to /home/agiledeveloper/HLF/HyperledgerProjects/artforgery/config
########################################################
Generating reuired crypto material using cryptogen tool
########################################################
egyptianmuseum.org
louvre.fr
########################################################
========================DONE============================
########################################################
Creating folders:
../artifacts ../artifacts/orderer/ ../artifacts/channels/
########################################################
########################################################
========================DONE============================
#################################
####Generating Genesis Block#####
#################################
########################################################
========================DONE============================
########################################################
###################Generating Channels##################
########################################################
generating channel 'mainchannel'
updating anchrpeer for EGArt
updating anchrpeer for FRArt
