2018/03/27 23:12:55 [INFO] Created default configuration file at /home/agiledeveloper/hyperledger/v1/HyperledgerProjects/artprovenance/config/crypto-config/peerOrganizations/louvre.fr/ca/root/fabric-ca-server-config.yaml
2018/03/27 23:12:55 [INFO] Starting server in home directory: /home/agiledeveloper/hyperledger/v1/HyperledgerProjects/artprovenance/config/crypto-config/peerOrganizations/louvre.fr/ca/root
2018/03/27 23:12:55 [INFO] Server Version: 1.1.1-snapshot-d536f5a
2018/03/27 23:12:55 [INFO] Server Levels: &{Identity:1 Affiliation:1 Certificate:1}
2018/03/27 23:12:55 [DEBUG] Making server filenames absolute
2018/03/27 23:12:55 [DEBUG] Initializing default CA in directory /home/agiledeveloper/hyperledger/v1/HyperledgerProjects/artprovenance/config/crypto-config/peerOrganizations/louvre.fr/ca/root
2018/03/27 23:12:55 [DEBUG] Init CA with home /home/agiledeveloper/hyperledger/v1/HyperledgerProjects/artprovenance/config/crypto-config/peerOrganizations/louvre.fr/ca/root and config {Version:1.1.1-snapshot-d536f5a Cfg:{Identities:{AllowRemove:false} Affiliations:{AllowRemove:false}} CA:{Name: Keyfile: Certfile:ca-cert.pem Chainfile:ca-chain.pem} Signing:0xc420321120 CSR:{CN:fabric-ca-server Names:[{C:US ST:North Carolina L: O:Hyperledger OU:Fabric SerialNumber:}] Hosts:[ubuntu localhost] KeyRequest:<nil> CA:0xc42030b640 SerialNumber:} Registry:{MaxEnrollments:-1 Identities:[{ Name:**** Pass:**** Type:client Affiliation: MaxEnrollments:0 Attrs:map[hf.Revoker:1 hf.IntermediateCA:1 hf.GenCRL:1 hf.Registrar.Attributes:* hf.AffiliationMgr:1 hf.Registrar.Roles:peer,orderer,client,user hf.Registrar.DelegateRoles:peer,orderer,client,user]  }]} Affiliations:map[org2:[department1] org1:[department1 department2]] LDAP:{ Enabled:false URL:ldap://****:****@<host>:<port>/<base> UserFilter:(uid=%s) GroupFilter:(memberUid=%s) Attribute:{[uid member] [{ }] map[groups:[{ }]]} TLS:{false [] { }}  } DB:{ Type:sqlite3 Datasource:fabric-ca-server.db TLS:{false [] { }}  } CSP:0xc4202fff20 Client:<nil> Intermediate:{ParentServer:{ URL: CAName:  } TLS:{Enabled:false CertFiles:[] Client:{KeyFile: CertFile:}} Enrollment:{ Name: Secret:**** Profile: Label: CSR:<nil> CAName: AttrReqs:[]  }} CRL:{Expiry:24h0m0s}}
2018/03/27 23:12:55 [DEBUG] CA Home Directory: /home/agiledeveloper/hyperledger/v1/HyperledgerProjects/artprovenance/config/crypto-config/peerOrganizations/louvre.fr/ca/root
2018/03/27 23:12:55 [DEBUG] Checking configuration file version '1.1.1-snapshot-d536f5a' against server version: '1.1.1-snapshot-d536f5a'
2018/03/27 23:12:55 [DEBUG] Initializing BCCSP: &{ProviderName:SW SwOpts:0xc4202fff80 PluginOpts:<nil> Pkcs11Opts:<nil>}
2018/03/27 23:12:55 [DEBUG] Initializing BCCSP with software options &{SecLevel:256 HashFamily:SHA2 Ephemeral:false FileKeystore:0xc420315b70 DummyKeystore:<nil>}
2018/03/27 23:12:55 [DEBUG] Initialize key material
2018/03/27 23:12:55 [DEBUG] Making CA filenames absolute
2018/03/27 23:12:55 [DEBUG] Root CA certificate request: {CN:fabric-ca-server Names:[{C:US ST:North Carolina L: O:Hyperledger OU:Fabric SerialNumber:}] Hosts:[ubuntu localhost] KeyRequest:0xc420327d60 CA:0xc42030b640 SerialNumber:}
2018/03/27 23:12:55 [INFO] generating key: &{A:ecdsa S:256}
2018/03/27 23:12:55 [DEBUG] generate key from request: algo=ecdsa, size=256
2018/03/27 23:12:55 [INFO] encoded CSR
2018/03/27 23:12:55 [DEBUG] validating configuration
2018/03/27 23:12:55 [DEBUG] validate local profile
2018/03/27 23:12:55 [DEBUG] profile is valid
2018/03/27 23:12:55 [INFO] signed certificate with serial number 285473143574570227291964855834023120731918101099
2018/03/27 23:12:55 [INFO] The CA key and certificate were generated for CA 
2018/03/27 23:12:55 [INFO] The key was stored by BCCSP provider 'SW'
2018/03/27 23:12:55 [INFO] The certificate is at: /home/agiledeveloper/hyperledger/v1/HyperledgerProjects/artprovenance/config/crypto-config/peerOrganizations/louvre.fr/ca/root/ca-cert.pem
2018/03/27 23:12:55 [DEBUG] Initializing DB
2018/03/27 23:12:55 [DEBUG] Initializing 'sqlite3' database at '/home/agiledeveloper/hyperledger/v1/HyperledgerProjects/artprovenance/config/crypto-config/peerOrganizations/louvre.fr/ca/root/fabric-ca-server.db'
2018/03/27 23:12:55 [DEBUG] Using sqlite database, connect to database in home (/home/agiledeveloper/hyperledger/v1/HyperledgerProjects/artprovenance/config/crypto-config/peerOrganizations/louvre.fr/ca/root/fabric-ca-server.db) directory
2018/03/27 23:12:55 [DEBUG] Creating SQLite database (/home/agiledeveloper/hyperledger/v1/HyperledgerProjects/artprovenance/config/crypto-config/peerOrganizations/louvre.fr/ca/root/fabric-ca-server.db) if it does not exist...
2018/03/27 23:12:55 [DEBUG] Creating users table if it does not exist
2018/03/27 23:12:55 [DEBUG] Creating affiliations table if it does not exist
2018/03/27 23:12:55 [DEBUG] Creating certificates table if it does not exist
2018/03/27 23:12:55 [DEBUG] Creating properties table if it does not exist
2018/03/27 23:12:55 [DEBUG] Successfully opened sqlite3 DB
2018/03/27 23:12:55 [DEBUG] Checking database schema...
2018/03/27 23:12:55 [DEBUG] Update SQLite schema, if using outdated schema
2018/03/27 23:12:55 [DEBUG] Upgrade identities table
2018/03/27 23:12:55 [DEBUG] Creating users table if it does not exist
2018/03/27 23:12:55 [DEBUG] Upgrade affiliation table
2018/03/27 23:12:55 [DEBUG] Creating affiliations table if it does not exist
2018/03/27 23:12:55 [DEBUG] Upgrade certificates table
2018/03/27 23:12:55 [DEBUG] Creating certificates table if it does not exist
2018/03/27 23:12:55 [DEBUG] Initializing identity registry
2018/03/27 23:12:55 [DEBUG] Initialized DB identity registry
2018/03/27 23:12:55 [DEBUG] DB: Get properties [identity.level affiliation.level certificate.level]
2018/03/27 23:12:55 [DEBUG] Checking database levels 'map[identity.level:0 affiliation.level:0 certificate.level:0]' against server levels '&{Identity:1 Affiliation:1 Certificate:1}'
2018/03/27 23:12:55 [DEBUG] Loading identity table
2018/03/27 23:12:55 [DEBUG] Loading identity 'admin'
2018/03/27 23:12:55 [DEBUG] DB: Getting identity admin
2018/03/27 23:12:55 [DEBUG] Max enrollment value verification - User specified max enrollment: 0, CA max enrollment: -1
2018/03/27 23:12:55 [DEBUG] DB: Add identity admin
2018/03/27 23:12:55 [DEBUG] Successfully added identity admin to the database
2018/03/27 23:12:55 [DEBUG] Registered identity: { Name:**** Pass:**** Type:client Affiliation: MaxEnrollments:-1 Attrs:map[hf.Registrar.Roles:peer,orderer,client,user hf.Registrar.DelegateRoles:peer,orderer,client,user hf.Revoker:1 hf.IntermediateCA:1 hf.GenCRL:1 hf.Registrar.Attributes:* hf.AffiliationMgr:1]  }
2018/03/27 23:12:55 [DEBUG] Successfully loaded identity table
2018/03/27 23:12:55 [DEBUG] Loading affiliations table
2018/03/27 23:12:55 [DEBUG] DB: Add affiliation org2
2018/03/27 23:12:55 [DEBUG] Affiliation 'org2' added
2018/03/27 23:12:55 [DEBUG] DB: Add affiliation org2.department1
2018/03/27 23:12:55 [DEBUG] Affiliation 'org2.department1' added
2018/03/27 23:12:55 [DEBUG] DB: Add affiliation org1
2018/03/27 23:12:55 [DEBUG] Affiliation 'org1' added
2018/03/27 23:12:55 [DEBUG] DB: Add affiliation org1.department1
2018/03/27 23:12:55 [DEBUG] Affiliation 'org1.department1' added
2018/03/27 23:12:55 [DEBUG] DB: Add affiliation org1.department2
2018/03/27 23:12:55 [DEBUG] Affiliation 'org1.department2' added
2018/03/27 23:12:55 [DEBUG] Successfully loaded affiliations table
2018/03/27 23:12:55 [DEBUG] Checking and performing migration, if needed
2018/03/27 23:12:55 [DEBUG] Updating database level to &{Identity:1 Affiliation:1 Certificate:1}
2018/03/27 23:12:55 [INFO] Initialized sqlite3 database at /home/agiledeveloper/hyperledger/v1/HyperledgerProjects/artprovenance/config/crypto-config/peerOrganizations/louvre.fr/ca/root/fabric-ca-server.db
2018/03/27 23:12:55 [DEBUG] Initializing enrollment signer
2018/03/27 23:12:55 [DEBUG] validating configuration
2018/03/27 23:12:55 [DEBUG] validate local profile
2018/03/27 23:12:55 [DEBUG] profile is valid
2018/03/27 23:12:55 [DEBUG] validate local profile
2018/03/27 23:12:55 [DEBUG] profile is valid
2018/03/27 23:12:55 [DEBUG] validate local profile
2018/03/27 23:12:55 [DEBUG] profile is valid
2018/03/27 23:12:55 [DEBUG] CA initialization successful
2018/03/27 23:12:55 [INFO] Home directory for default CA: /home/agiledeveloper/hyperledger/v1/HyperledgerProjects/artprovenance/config/crypto-config/peerOrganizations/louvre.fr/ca/root
2018/03/27 23:12:55 [DEBUG] 1 CA instance(s) running on server
2018/03/27 23:12:55 [INFO] Listening on http://0.0.0.0:7104
2018/03/27 23:12:56 [DEBUG] Received request for /enroll
2018/03/27 23:12:56 [DEBUG] ca.Config: &{Version:1.1.1-snapshot-d536f5a Cfg:{Identities:{AllowRemove:false} Affiliations:{AllowRemove:false}} CA:{Name: Keyfile:/home/agiledeveloper/hyperledger/v1/HyperledgerProjects/artprovenance/config/crypto-config/peerOrganizations/louvre.fr/ca/root/ca-key.pem Certfile:/home/agiledeveloper/hyperledger/v1/HyperledgerProjects/artprovenance/config/crypto-config/peerOrganizations/louvre.fr/ca/root/ca-cert.pem Chainfile:/home/agiledeveloper/hyperledger/v1/HyperledgerProjects/artprovenance/config/crypto-config/peerOrganizations/louvre.fr/ca/root/ca-chain.pem} Signing:0xc420321120 CSR:{CN:fabric-ca-server Names:[{C:US ST:North Carolina L: O:Hyperledger OU:Fabric SerialNumber:}] Hosts:[ubuntu localhost] KeyRequest:0xc420327d40 CA:0xc42030b640 SerialNumber:} Registry:{MaxEnrollments:-1 Identities:[{ Name:**** Pass:**** Type:client Affiliation: MaxEnrollments:0 Attrs:map[hf.AffiliationMgr:1 hf.Registrar.Roles:peer,orderer,client,user hf.Registrar.DelegateRoles:peer,orderer,client,user hf.Revoker:1 hf.IntermediateCA:1 hf.GenCRL:1 hf.Registrar.Attributes:*]  }]} Affiliations:map[org2:[department1] org1:[department1 department2]] LDAP:{ Enabled:false URL:ldap://****:****@<host>:<port>/<base> UserFilter:(uid=%s) GroupFilter:(memberUid=%s) Attribute:{[uid member] [{ }] map[groups:[{ }]]} TLS:{false [] { }}  } DB:{ Type:sqlite3 Datasource:/home/agiledeveloper/hyperledger/v1/HyperledgerProjects/artprovenance/config/crypto-config/peerOrganizations/louvre.fr/ca/root/fabric-ca-server.db TLS:{false [] { }}  } CSP:0xc4202fff20 Client:<nil> Intermediate:{ParentServer:{ URL: CAName:  } TLS:{Enabled:false CertFiles:[] Client:{KeyFile: CertFile:}} Enrollment:{ Name: Secret:**** Profile: Label: CSR:<nil> CAName: AttrReqs:[]  }} CRL:{Expiry:24h0m0s}}
2018/03/27 23:12:56 [DEBUG] DB: Getting identity admin
2018/03/27 23:12:56 [DEBUG] DB: Login user admin with max enrollments of -1 and state of 0
2018/03/27 23:12:56 [DEBUG] DB: identity admin successfully logged in
2018/03/27 23:12:56 [DEBUG] Processing sign request: id=admin, CommonName=admin, Subject=<nil>
2018/03/27 23:12:56 [DEBUG] Request is not for a CA signing certificate
2018/03/27 23:12:56 [DEBUG] Checking CSR fields to make sure that they do not exceed maximum character limits
2018/03/27 23:12:56 [DEBUG] DB: Getting identity admin
2018/03/27 23:12:56 [DEBUG] Finished processing sign request
2018/03/27 23:12:56 [DEBUG] DB: Getting identity admin
2018/03/27 23:12:56 [INFO] signed certificate with serial number 188369406335246501879331912907673135434347579681
2018/03/27 23:12:56 [DEBUG] DB: Insert Certificate
2018/03/27 23:12:56 [DEBUG] Saved serial number as hex 20fec6bc897dcaf72f85e5a33613ace29e500921
2018/03/27 23:12:56 [DEBUG] saved certificate with serial number 188369406335246501879331912907673135434347579681
2018/03/27 23:12:56 [DEBUG] Successfully incremented state for identity admin to 1
2018/03/27 23:12:56 [INFO] 127.0.0.1:60580 POST /enroll 201 0 "OK"
2018/03/27 23:12:56 [DEBUG] Received request for /enroll
2018/03/27 23:12:56 [DEBUG] ca.Config: &{Version:1.1.1-snapshot-d536f5a Cfg:{Identities:{AllowRemove:false} Affiliations:{AllowRemove:false}} CA:{Name: Keyfile:/home/agiledeveloper/hyperledger/v1/HyperledgerProjects/artprovenance/config/crypto-config/peerOrganizations/louvre.fr/ca/root/ca-key.pem Certfile:/home/agiledeveloper/hyperledger/v1/HyperledgerProjects/artprovenance/config/crypto-config/peerOrganizations/louvre.fr/ca/root/ca-cert.pem Chainfile:/home/agiledeveloper/hyperledger/v1/HyperledgerProjects/artprovenance/config/crypto-config/peerOrganizations/louvre.fr/ca/root/ca-chain.pem} Signing:0xc420321120 CSR:{CN:fabric-ca-server Names:[{C:US ST:North Carolina L: O:Hyperledger OU:Fabric SerialNumber:}] Hosts:[ubuntu localhost] KeyRequest:0xc420327d40 CA:0xc42030b640 SerialNumber:} Registry:{MaxEnrollments:-1 Identities:[{ Name:**** Pass:**** Type:client Affiliation: MaxEnrollments:0 Attrs:map[hf.Registrar.Attributes:* hf.AffiliationMgr:1 hf.Registrar.Roles:peer,orderer,client,user hf.Registrar.DelegateRoles:peer,orderer,client,user hf.Revoker:1 hf.IntermediateCA:1 hf.GenCRL:1]  }]} Affiliations:map[org2:[department1] org1:[department1 department2]] LDAP:{ Enabled:false URL:ldap://****:****@<host>:<port>/<base> UserFilter:(uid=%s) GroupFilter:(memberUid=%s) Attribute:{[uid member] [{ }] map[groups:[{ }]]} TLS:{false [] { }}  } DB:{ Type:sqlite3 Datasource:/home/agiledeveloper/hyperledger/v1/HyperledgerProjects/artprovenance/config/crypto-config/peerOrganizations/louvre.fr/ca/root/fabric-ca-server.db TLS:{false [] { }}  } CSP:0xc4202fff20 Client:<nil> Intermediate:{ParentServer:{ URL: CAName:  } TLS:{Enabled:false CertFiles:[] Client:{KeyFile: CertFile:}} Enrollment:{ Name: Secret:**** Profile: Label: CSR:<nil> CAName: AttrReqs:[]  }} CRL:{Expiry:24h0m0s}}
2018/03/27 23:12:56 [DEBUG] DB: Getting identity admin
2018/03/27 23:12:56 [DEBUG] DB: Login user admin with max enrollments of -1 and state of 1
2018/03/27 23:12:56 [DEBUG] DB: identity admin successfully logged in
2018/03/27 23:12:56 [DEBUG] Processing sign request: id=admin, CommonName=admin, Subject=<nil>
2018/03/27 23:12:56 [DEBUG] Request is not for a CA signing certificate
2018/03/27 23:12:56 [DEBUG] Checking CSR fields to make sure that they do not exceed maximum character limits
2018/03/27 23:12:56 [DEBUG] DB: Getting identity admin
2018/03/27 23:12:56 [DEBUG] Finished processing sign request
2018/03/27 23:12:56 [DEBUG] DB: Getting identity admin
2018/03/27 23:12:56 [INFO] signed certificate with serial number 22191577837273136746221246202210272449554938848
2018/03/27 23:12:56 [DEBUG] DB: Insert Certificate
2018/03/27 23:12:56 [DEBUG] Saved serial number as hex 3e31ad1f578726118d606b8bfa7261fd56dfbe0
2018/03/27 23:12:56 [DEBUG] saved certificate with serial number 22191577837273136746221246202210272449554938848
2018/03/27 23:12:56 [DEBUG] Successfully incremented state for identity admin to 2
2018/03/27 23:12:56 [INFO] 127.0.0.1:60582 POST /enroll 201 0 "OK"
2018/03/27 23:12:56 [DEBUG] Received request for /register
2018/03/27 23:12:56 [DEBUG] Checking for revocation/expiration of certificate owned by 'admin'
2018/03/27 23:12:56 [DEBUG] DB: Get certificate by serial (3e31ad1f578726118d606b8bfa7261fd56dfbe0) and aki (120ab3eccc436ad26a66bf87cf170a129c6af86d)
2018/03/27 23:12:56 [DEBUG] Successful token authentication of 'admin'
2018/03/27 23:12:56 [DEBUG] Received registration request from admin: { Name:nodeAdmin Type:user Secret:**** MaxEnrollments:0 Affiliation:org1 Attributes:[] CAName:  }
2018/03/27 23:12:56 [DEBUG] DB: Getting identity admin
2018/03/27 23:12:56 [DEBUG] canRegister - Check to see if user 'admin' can register
2018/03/27 23:12:56 [DEBUG] Checking to see if caller 'admin' is a registrar
2018/03/27 23:12:56 [DEBUG] Validate Affiliation
2018/03/27 23:12:56 [DEBUG] Checking to see if affiliation 'org1' contains caller's affiliation ''
2018/03/27 23:12:56 [DEBUG] Caller has root affiliation
2018/03/27 23:12:56 [DEBUG] Validate ID
2018/03/27 23:12:56 [DEBUG] Validating affiliation: org1
2018/03/27 23:12:56 [DEBUG] DB: Get affiliation org1
2018/03/27 23:12:56 [DEBUG] Registering user id: nodeAdmin
2018/03/27 23:12:56 [DEBUG] Max enrollment value verification - User specified max enrollment: 0, CA max enrollment: -1
2018/03/27 23:12:56 [DEBUG] DB: Getting identity nodeAdmin
2018/03/27 23:12:56 [DEBUG] DB: Add identity nodeAdmin
2018/03/27 23:12:56 [DEBUG] Successfully added identity nodeAdmin to the database
2018/03/27 23:12:56 [INFO] 127.0.0.1:60584 POST /register 201 0 "OK"
2018/03/27 23:12:56 [DEBUG] Received request for /enroll
2018/03/27 23:12:56 [DEBUG] ca.Config: &{Version:1.1.1-snapshot-d536f5a Cfg:{Identities:{AllowRemove:false} Affiliations:{AllowRemove:false}} CA:{Name: Keyfile:/home/agiledeveloper/hyperledger/v1/HyperledgerProjects/artprovenance/config/crypto-config/peerOrganizations/louvre.fr/ca/root/ca-key.pem Certfile:/home/agiledeveloper/hyperledger/v1/HyperledgerProjects/artprovenance/config/crypto-config/peerOrganizations/louvre.fr/ca/root/ca-cert.pem Chainfile:/home/agiledeveloper/hyperledger/v1/HyperledgerProjects/artprovenance/config/crypto-config/peerOrganizations/louvre.fr/ca/root/ca-chain.pem} Signing:0xc420321120 CSR:{CN:fabric-ca-server Names:[{C:US ST:North Carolina L: O:Hyperledger OU:Fabric SerialNumber:}] Hosts:[ubuntu localhost] KeyRequest:0xc420327d40 CA:0xc42030b640 SerialNumber:} Registry:{MaxEnrollments:-1 Identities:[{ Name:**** Pass:**** Type:client Affiliation: MaxEnrollments:0 Attrs:map[hf.Revoker:1 hf.IntermediateCA:1 hf.GenCRL:1 hf.Registrar.Attributes:* hf.AffiliationMgr:1 hf.Registrar.Roles:peer,orderer,client,user hf.Registrar.DelegateRoles:peer,orderer,client,user]  }]} Affiliations:map[org2:[department1] org1:[department1 department2]] LDAP:{ Enabled:false URL:ldap://****:****@<host>:<port>/<base> UserFilter:(uid=%s) GroupFilter:(memberUid=%s) Attribute:{[uid member] [{ }] map[groups:[{ }]]} TLS:{false [] { }}  } DB:{ Type:sqlite3 Datasource:/home/agiledeveloper/hyperledger/v1/HyperledgerProjects/artprovenance/config/crypto-config/peerOrganizations/louvre.fr/ca/root/fabric-ca-server.db TLS:{false [] { }}  } CSP:0xc4202fff20 Client:<nil> Intermediate:{ParentServer:{ URL: CAName:  } TLS:{Enabled:false CertFiles:[] Client:{KeyFile: CertFile:}} Enrollment:{ Name: Secret:**** Profile: Label: CSR:<nil> CAName: AttrReqs:[]  }} CRL:{Expiry:24h0m0s}}
2018/03/27 23:12:56 [DEBUG] DB: Getting identity nodeAdmin
2018/03/27 23:12:56 [DEBUG] DB: Login user nodeAdmin with max enrollments of -1 and state of 0
2018/03/27 23:12:56 [DEBUG] DB: identity nodeAdmin successfully logged in
2018/03/27 23:12:56 [DEBUG] Processing sign request: id=nodeAdmin, CommonName=nodeAdmin, Subject=<nil>
2018/03/27 23:12:56 [DEBUG] Request is not for a CA signing certificate
2018/03/27 23:12:56 [DEBUG] Checking CSR fields to make sure that they do not exceed maximum character limits
2018/03/27 23:12:56 [DEBUG] DB: Getting identity nodeAdmin
2018/03/27 23:12:56 [DEBUG] Finished processing sign request
2018/03/27 23:12:56 [DEBUG] DB: Getting identity nodeAdmin
2018/03/27 23:12:56 [DEBUG] Attribute extension being added to certificate is: &{ID:[1 2 3 4 5 6 7 8 1] Critical:false Value:7b226174747273223a7b2268662e416666696c696174696f6e223a226f726731222c2268662e456e726f6c6c6d656e744944223a226e6f646541646d696e222c2268662e54797065223a2275736572227d7d}
2018/03/27 23:12:56 [DEBUG] Adding attribute extension to CSR: &{ID:[1 2 3 4 5 6 7 8 1] Critical:false Value:7b226174747273223a7b2268662e416666696c696174696f6e223a226f726731222c2268662e456e726f6c6c6d656e744944223a226e6f646541646d696e222c2268662e54797065223a2275736572227d7d}
2018/03/27 23:12:56 [INFO] signed certificate with serial number 448906661300832127118367455679637373096311720412
2018/03/27 23:12:56 [DEBUG] DB: Insert Certificate
2018/03/27 23:12:56 [DEBUG] Saved serial number as hex 4ea1abbf0399224ba24729192c4d4c566aa909dc
2018/03/27 23:12:56 [DEBUG] saved certificate with serial number 448906661300832127118367455679637373096311720412
2018/03/27 23:12:56 [DEBUG] Successfully incremented state for identity nodeAdmin to 1
2018/03/27 23:12:56 [INFO] 127.0.0.1:60586 POST /enroll 201 0 "OK"
2018/03/27 23:12:56 [DEBUG] Received request for /register
2018/03/27 23:12:56 [DEBUG] Checking for revocation/expiration of certificate owned by 'admin'
2018/03/27 23:12:56 [DEBUG] DB: Get certificate by serial (3e31ad1f578726118d606b8bfa7261fd56dfbe0) and aki (120ab3eccc436ad26a66bf87cf170a129c6af86d)
2018/03/27 23:12:56 [DEBUG] Successful token authentication of 'admin'
2018/03/27 23:12:56 [DEBUG] Received registration request from admin: { Name:User1@louvre.fr Type:user Secret:**** MaxEnrollments:0 Affiliation:org1 Attributes:[] CAName:  }
2018/03/27 23:12:56 [DEBUG] DB: Getting identity admin
2018/03/27 23:12:56 [DEBUG] canRegister - Check to see if user 'admin' can register
2018/03/27 23:12:56 [DEBUG] Checking to see if caller 'admin' is a registrar
2018/03/27 23:12:56 [DEBUG] Validate Affiliation
2018/03/27 23:12:56 [DEBUG] Checking to see if affiliation 'org1' contains caller's affiliation ''
2018/03/27 23:12:56 [DEBUG] Caller has root affiliation
2018/03/27 23:12:56 [DEBUG] Validate ID
2018/03/27 23:12:56 [DEBUG] Validating affiliation: org1
2018/03/27 23:12:56 [DEBUG] DB: Get affiliation org1
2018/03/27 23:12:56 [DEBUG] Registering user id: User1@louvre.fr
2018/03/27 23:12:56 [DEBUG] Max enrollment value verification - User specified max enrollment: 0, CA max enrollment: -1
2018/03/27 23:12:56 [DEBUG] DB: Getting identity User1@louvre.fr
2018/03/27 23:12:56 [DEBUG] DB: Add identity User1@louvre.fr
2018/03/27 23:12:56 [DEBUG] Successfully added identity User1@louvre.fr to the database
2018/03/27 23:12:56 [INFO] 127.0.0.1:60588 POST /register 201 0 "OK"
2018/03/27 23:12:56 [DEBUG] Received request for /enroll
2018/03/27 23:12:56 [DEBUG] ca.Config: &{Version:1.1.1-snapshot-d536f5a Cfg:{Identities:{AllowRemove:false} Affiliations:{AllowRemove:false}} CA:{Name: Keyfile:/home/agiledeveloper/hyperledger/v1/HyperledgerProjects/artprovenance/config/crypto-config/peerOrganizations/louvre.fr/ca/root/ca-key.pem Certfile:/home/agiledeveloper/hyperledger/v1/HyperledgerProjects/artprovenance/config/crypto-config/peerOrganizations/louvre.fr/ca/root/ca-cert.pem Chainfile:/home/agiledeveloper/hyperledger/v1/HyperledgerProjects/artprovenance/config/crypto-config/peerOrganizations/louvre.fr/ca/root/ca-chain.pem} Signing:0xc420321120 CSR:{CN:fabric-ca-server Names:[{C:US ST:North Carolina L: O:Hyperledger OU:Fabric SerialNumber:}] Hosts:[ubuntu localhost] KeyRequest:0xc420327d40 CA:0xc42030b640 SerialNumber:} Registry:{MaxEnrollments:-1 Identities:[{ Name:**** Pass:**** Type:client Affiliation: MaxEnrollments:0 Attrs:map[hf.Registrar.Attributes:* hf.AffiliationMgr:1 hf.Registrar.Roles:peer,orderer,client,user hf.Registrar.DelegateRoles:peer,orderer,client,user hf.Revoker:1 hf.IntermediateCA:1 hf.GenCRL:1]  }]} Affiliations:map[org2:[department1] org1:[department1 department2]] LDAP:{ Enabled:false URL:ldap://****:****@<host>:<port>/<base> UserFilter:(uid=%s) GroupFilter:(memberUid=%s) Attribute:{[uid member] [{ }] map[groups:[{ }]]} TLS:{false [] { }}  } DB:{ Type:sqlite3 Datasource:/home/agiledeveloper/hyperledger/v1/HyperledgerProjects/artprovenance/config/crypto-config/peerOrganizations/louvre.fr/ca/root/fabric-ca-server.db TLS:{false [] { }}  } CSP:0xc4202fff20 Client:<nil> Intermediate:{ParentServer:{ URL: CAName:  } TLS:{Enabled:false CertFiles:[] Client:{KeyFile: CertFile:}} Enrollment:{ Name: Secret:**** Profile: Label: CSR:<nil> CAName: AttrReqs:[]  }} CRL:{Expiry:24h0m0s}}
2018/03/27 23:12:56 [DEBUG] DB: Getting identity User1@louvre.fr
2018/03/27 23:12:56 [DEBUG] DB: Login user User1@louvre.fr with max enrollments of -1 and state of 0
2018/03/27 23:12:57 [DEBUG] DB: identity User1@louvre.fr successfully logged in
2018/03/27 23:12:57 [DEBUG] Processing sign request: id=User1@louvre.fr, CommonName=User1@louvre.fr, Subject=<nil>
2018/03/27 23:12:57 [DEBUG] Request is not for a CA signing certificate
2018/03/27 23:12:57 [DEBUG] Checking CSR fields to make sure that they do not exceed maximum character limits
2018/03/27 23:12:57 [DEBUG] DB: Getting identity User1@louvre.fr
2018/03/27 23:12:57 [DEBUG] Finished processing sign request
2018/03/27 23:12:57 [DEBUG] DB: Getting identity User1@louvre.fr
2018/03/27 23:12:57 [DEBUG] Attribute extension being added to certificate is: &{ID:[1 2 3 4 5 6 7 8 1] Critical:false Value:7b226174747273223a7b2268662e416666696c696174696f6e223a226f726731222c2268662e456e726f6c6c6d656e744944223a225573657231406c6f757672652e6672222c2268662e54797065223a2275736572227d7d}
2018/03/27 23:12:57 [DEBUG] Adding attribute extension to CSR: &{ID:[1 2 3 4 5 6 7 8 1] Critical:false Value:7b226174747273223a7b2268662e416666696c696174696f6e223a226f726731222c2268662e456e726f6c6c6d656e744944223a225573657231406c6f757672652e6672222c2268662e54797065223a2275736572227d7d}
2018/03/27 23:12:57 [INFO] signed certificate with serial number 511608648401650238003497666695501955731830540918
2018/03/27 23:12:57 [DEBUG] DB: Insert Certificate
2018/03/27 23:12:57 [DEBUG] Saved serial number as hex 599d534211e5ea14adb387b5cbdb11dc86770a76
2018/03/27 23:12:57 [DEBUG] saved certificate with serial number 511608648401650238003497666695501955731830540918
2018/03/27 23:12:57 [DEBUG] Successfully incremented state for identity User1@louvre.fr to 1
2018/03/27 23:12:57 [INFO] 127.0.0.1:60590 POST /enroll 201 0 "OK"
2018/03/27 23:12:57 [DEBUG] Received request for /enroll
2018/03/27 23:12:57 [DEBUG] ca.Config: &{Version:1.1.1-snapshot-d536f5a Cfg:{Identities:{AllowRemove:false} Affiliations:{AllowRemove:false}} CA:{Name: Keyfile:/home/agiledeveloper/hyperledger/v1/HyperledgerProjects/artprovenance/config/crypto-config/peerOrganizations/louvre.fr/ca/root/ca-key.pem Certfile:/home/agiledeveloper/hyperledger/v1/HyperledgerProjects/artprovenance/config/crypto-config/peerOrganizations/louvre.fr/ca/root/ca-cert.pem Chainfile:/home/agiledeveloper/hyperledger/v1/HyperledgerProjects/artprovenance/config/crypto-config/peerOrganizations/louvre.fr/ca/root/ca-chain.pem} Signing:0xc420321120 CSR:{CN:fabric-ca-server Names:[{C:US ST:North Carolina L: O:Hyperledger OU:Fabric SerialNumber:}] Hosts:[ubuntu localhost] KeyRequest:0xc420327d40 CA:0xc42030b640 SerialNumber:} Registry:{MaxEnrollments:-1 Identities:[{ Name:**** Pass:**** Type:client Affiliation: MaxEnrollments:0 Attrs:map[hf.Registrar.Attributes:* hf.AffiliationMgr:1 hf.Registrar.Roles:peer,orderer,client,user hf.Registrar.DelegateRoles:peer,orderer,client,user hf.Revoker:1 hf.IntermediateCA:1 hf.GenCRL:1]  }]} Affiliations:map[org2:[department1] org1:[department1 department2]] LDAP:{ Enabled:false URL:ldap://****:****@<host>:<port>/<base> UserFilter:(uid=%s) GroupFilter:(memberUid=%s) Attribute:{[uid member] [{ }] map[groups:[{ }]]} TLS:{false [] { }}  } DB:{ Type:sqlite3 Datasource:/home/agiledeveloper/hyperledger/v1/HyperledgerProjects/artprovenance/config/crypto-config/peerOrganizations/louvre.fr/ca/root/fabric-ca-server.db TLS:{false [] { }}  } CSP:0xc4202fff20 Client:<nil> Intermediate:{ParentServer:{ URL: CAName:  } TLS:{Enabled:false CertFiles:[] Client:{KeyFile: CertFile:}} Enrollment:{ Name: Secret:**** Profile: Label: CSR:<nil> CAName: AttrReqs:[]  }} CRL:{Expiry:24h0m0s}}
2018/03/27 23:12:57 [DEBUG] DB: Getting identity admin
2018/03/27 23:12:57 [DEBUG] DB: Login user admin with max enrollments of -1 and state of 2
2018/03/27 23:12:57 [DEBUG] DB: identity admin successfully logged in
2018/03/27 23:12:57 [DEBUG] Processing sign request: id=admin, CommonName=admin, Subject=<nil>
2018/03/27 23:12:57 [DEBUG] Request is not for a CA signing certificate
2018/03/27 23:12:57 [DEBUG] Checking CSR fields to make sure that they do not exceed maximum character limits
2018/03/27 23:12:57 [DEBUG] DB: Getting identity admin
2018/03/27 23:12:57 [DEBUG] Finished processing sign request
2018/03/27 23:12:57 [DEBUG] DB: Getting identity admin
2018/03/27 23:12:57 [INFO] signed certificate with serial number 457897741728463689357381252563462438277840849872
2018/03/27 23:12:57 [DEBUG] DB: Insert Certificate
2018/03/27 23:12:57 [DEBUG] Saved serial number as hex 5034d849a3e6188d6e7198df03bccc2e8cab4bd0
2018/03/27 23:12:57 [DEBUG] saved certificate with serial number 457897741728463689357381252563462438277840849872
2018/03/27 23:12:57 [DEBUG] Successfully incremented state for identity admin to 3
2018/03/27 23:12:57 [INFO] 127.0.0.1:60592 POST /enroll 201 0 "OK"
2018/03/27 23:12:57 [DEBUG] Received request for /register
2018/03/27 23:12:57 [DEBUG] Checking for revocation/expiration of certificate owned by 'admin'
2018/03/27 23:12:57 [DEBUG] DB: Get certificate by serial (3e31ad1f578726118d606b8bfa7261fd56dfbe0) and aki (120ab3eccc436ad26a66bf87cf170a129c6af86d)
2018/03/27 23:12:57 [DEBUG] Successful token authentication of 'admin'
2018/03/27 23:12:57 [DEBUG] Received registration request from admin: { Name:peer0.louvre.fr Type:user Secret:**** MaxEnrollments:0 Affiliation:org1 Attributes:[] CAName:  }
2018/03/27 23:12:57 [DEBUG] DB: Getting identity admin
2018/03/27 23:12:57 [DEBUG] canRegister - Check to see if user 'admin' can register
2018/03/27 23:12:57 [DEBUG] Checking to see if caller 'admin' is a registrar
2018/03/27 23:12:57 [DEBUG] Validate Affiliation
2018/03/27 23:12:57 [DEBUG] Checking to see if affiliation 'org1' contains caller's affiliation ''
2018/03/27 23:12:57 [DEBUG] Caller has root affiliation
2018/03/27 23:12:57 [DEBUG] Validate ID
2018/03/27 23:12:57 [DEBUG] Validating affiliation: org1
2018/03/27 23:12:57 [DEBUG] DB: Get affiliation org1
2018/03/27 23:12:57 [DEBUG] Registering user id: peer0.louvre.fr
2018/03/27 23:12:57 [DEBUG] Max enrollment value verification - User specified max enrollment: 0, CA max enrollment: -1
2018/03/27 23:12:57 [DEBUG] DB: Getting identity peer0.louvre.fr
2018/03/27 23:12:57 [DEBUG] DB: Add identity peer0.louvre.fr
2018/03/27 23:12:57 [DEBUG] Successfully added identity peer0.louvre.fr to the database
2018/03/27 23:12:57 [INFO] 127.0.0.1:60594 POST /register 201 0 "OK"
2018/03/27 23:12:57 [DEBUG] Received request for /enroll
2018/03/27 23:12:57 [DEBUG] ca.Config: &{Version:1.1.1-snapshot-d536f5a Cfg:{Identities:{AllowRemove:false} Affiliations:{AllowRemove:false}} CA:{Name: Keyfile:/home/agiledeveloper/hyperledger/v1/HyperledgerProjects/artprovenance/config/crypto-config/peerOrganizations/louvre.fr/ca/root/ca-key.pem Certfile:/home/agiledeveloper/hyperledger/v1/HyperledgerProjects/artprovenance/config/crypto-config/peerOrganizations/louvre.fr/ca/root/ca-cert.pem Chainfile:/home/agiledeveloper/hyperledger/v1/HyperledgerProjects/artprovenance/config/crypto-config/peerOrganizations/louvre.fr/ca/root/ca-chain.pem} Signing:0xc420321120 CSR:{CN:fabric-ca-server Names:[{C:US ST:North Carolina L: O:Hyperledger OU:Fabric SerialNumber:}] Hosts:[ubuntu localhost] KeyRequest:0xc420327d40 CA:0xc42030b640 SerialNumber:} Registry:{MaxEnrollments:-1 Identities:[{ Name:**** Pass:**** Type:client Affiliation: MaxEnrollments:0 Attrs:map[hf.IntermediateCA:1 hf.GenCRL:1 hf.Registrar.Attributes:* hf.AffiliationMgr:1 hf.Registrar.Roles:peer,orderer,client,user hf.Registrar.DelegateRoles:peer,orderer,client,user hf.Revoker:1]  }]} Affiliations:map[org2:[department1] org1:[department1 department2]] LDAP:{ Enabled:false URL:ldap://****:****@<host>:<port>/<base> UserFilter:(uid=%s) GroupFilter:(memberUid=%s) Attribute:{[uid member] [{ }] map[groups:[{ }]]} TLS:{false [] { }}  } DB:{ Type:sqlite3 Datasource:/home/agiledeveloper/hyperledger/v1/HyperledgerProjects/artprovenance/config/crypto-config/peerOrganizations/louvre.fr/ca/root/fabric-ca-server.db TLS:{false [] { }}  } CSP:0xc4202fff20 Client:<nil> Intermediate:{ParentServer:{ URL: CAName:  } TLS:{Enabled:false CertFiles:[] Client:{KeyFile: CertFile:}} Enrollment:{ Name: Secret:**** Profile: Label: CSR:<nil> CAName: AttrReqs:[]  }} CRL:{Expiry:24h0m0s}}
2018/03/27 23:12:57 [DEBUG] DB: Getting identity peer0.louvre.fr
2018/03/27 23:12:57 [DEBUG] DB: Login user peer0.louvre.fr with max enrollments of -1 and state of 0
2018/03/27 23:12:57 [DEBUG] DB: identity peer0.louvre.fr successfully logged in
2018/03/27 23:12:57 [DEBUG] Processing sign request: id=peer0.louvre.fr, CommonName=peer0.louvre.fr, Subject=<nil>
2018/03/27 23:12:57 [DEBUG] Request is not for a CA signing certificate
2018/03/27 23:12:57 [DEBUG] Checking CSR fields to make sure that they do not exceed maximum character limits
2018/03/27 23:12:57 [DEBUG] DB: Getting identity peer0.louvre.fr
2018/03/27 23:12:57 [DEBUG] Finished processing sign request
2018/03/27 23:12:57 [DEBUG] DB: Getting identity peer0.louvre.fr
2018/03/27 23:12:57 [DEBUG] Attribute extension being added to certificate is: &{ID:[1 2 3 4 5 6 7 8 1] Critical:false Value:7b226174747273223a7b2268662e416666696c696174696f6e223a226f726731222c2268662e456e726f6c6c6d656e744944223a2270656572302e6c6f757672652e6672222c2268662e54797065223a2275736572227d7d}
2018/03/27 23:12:57 [DEBUG] Adding attribute extension to CSR: &{ID:[1 2 3 4 5 6 7 8 1] Critical:false Value:7b226174747273223a7b2268662e416666696c696174696f6e223a226f726731222c2268662e456e726f6c6c6d656e744944223a2270656572302e6c6f757672652e6672222c2268662e54797065223a2275736572227d7d}
2018/03/27 23:12:57 [INFO] signed certificate with serial number 49383290485429445456930921676958838471129127612
2018/03/27 23:12:57 [DEBUG] DB: Insert Certificate
2018/03/27 23:12:57 [DEBUG] Saved serial number as hex 8a66c5f7a022f3d81ad25267ee02fc9b8515abc
2018/03/27 23:12:57 [DEBUG] saved certificate with serial number 49383290485429445456930921676958838471129127612
2018/03/27 23:12:57 [DEBUG] Successfully incremented state for identity peer0.louvre.fr to 1
2018/03/27 23:12:57 [INFO] 127.0.0.1:60596 POST /enroll 201 0 "OK"
2018/03/27 23:12:57 [DEBUG] Received request for /enroll
2018/03/27 23:12:57 [DEBUG] ca.Config: &{Version:1.1.1-snapshot-d536f5a Cfg:{Identities:{AllowRemove:false} Affiliations:{AllowRemove:false}} CA:{Name: Keyfile:/home/agiledeveloper/hyperledger/v1/HyperledgerProjects/artprovenance/config/crypto-config/peerOrganizations/louvre.fr/ca/root/ca-key.pem Certfile:/home/agiledeveloper/hyperledger/v1/HyperledgerProjects/artprovenance/config/crypto-config/peerOrganizations/louvre.fr/ca/root/ca-cert.pem Chainfile:/home/agiledeveloper/hyperledger/v1/HyperledgerProjects/artprovenance/config/crypto-config/peerOrganizations/louvre.fr/ca/root/ca-chain.pem} Signing:0xc420321120 CSR:{CN:fabric-ca-server Names:[{C:US ST:North Carolina L: O:Hyperledger OU:Fabric SerialNumber:}] Hosts:[ubuntu localhost] KeyRequest:0xc420327d40 CA:0xc42030b640 SerialNumber:} Registry:{MaxEnrollments:-1 Identities:[{ Name:**** Pass:**** Type:client Affiliation: MaxEnrollments:0 Attrs:map[hf.AffiliationMgr:1 hf.Registrar.Roles:peer,orderer,client,user hf.Registrar.DelegateRoles:peer,orderer,client,user hf.Revoker:1 hf.IntermediateCA:1 hf.GenCRL:1 hf.Registrar.Attributes:*]  }]} Affiliations:map[org2:[department1] org1:[department1 department2]] LDAP:{ Enabled:false URL:ldap://****:****@<host>:<port>/<base> UserFilter:(uid=%s) GroupFilter:(memberUid=%s) Attribute:{[uid member] [{ }] map[groups:[{ }]]} TLS:{false [] { }}  } DB:{ Type:sqlite3 Datasource:/home/agiledeveloper/hyperledger/v1/HyperledgerProjects/artprovenance/config/crypto-config/peerOrganizations/louvre.fr/ca/root/fabric-ca-server.db TLS:{false [] { }}  } CSP:0xc4202fff20 Client:<nil> Intermediate:{ParentServer:{ URL: CAName:  } TLS:{Enabled:false CertFiles:[] Client:{KeyFile: CertFile:}} Enrollment:{ Name: Secret:**** Profile: Label: CSR:<nil> CAName: AttrReqs:[]  }} CRL:{Expiry:24h0m0s}}
2018/03/27 23:12:57 [DEBUG] DB: Getting identity admin
2018/03/27 23:12:57 [DEBUG] DB: Login user admin with max enrollments of -1 and state of 3
2018/03/27 23:12:57 [DEBUG] DB: identity admin successfully logged in
2018/03/27 23:12:57 [DEBUG] Processing sign request: id=admin, CommonName=admin, Subject=<nil>
2018/03/27 23:12:57 [DEBUG] Request is not for a CA signing certificate
2018/03/27 23:12:57 [DEBUG] Checking CSR fields to make sure that they do not exceed maximum character limits
2018/03/27 23:12:57 [DEBUG] DB: Getting identity admin
2018/03/27 23:12:57 [DEBUG] Finished processing sign request
2018/03/27 23:12:57 [DEBUG] DB: Getting identity admin
2018/03/27 23:12:57 [INFO] signed certificate with serial number 301063364175714917704518790685381039582929705420
2018/03/27 23:12:57 [DEBUG] DB: Insert Certificate
2018/03/27 23:12:57 [DEBUG] Saved serial number as hex 34bc25ed91fce06a985544e23102410c483759cc
2018/03/27 23:12:57 [DEBUG] saved certificate with serial number 301063364175714917704518790685381039582929705420
2018/03/27 23:12:57 [DEBUG] Successfully incremented state for identity admin to 4
2018/03/27 23:12:57 [INFO] 127.0.0.1:60598 POST /enroll 201 0 "OK"
2018/03/27 23:12:57 [DEBUG] Received request for /register
2018/03/27 23:12:57 [DEBUG] Checking for revocation/expiration of certificate owned by 'admin'
2018/03/27 23:12:57 [DEBUG] DB: Get certificate by serial (3e31ad1f578726118d606b8bfa7261fd56dfbe0) and aki (120ab3eccc436ad26a66bf87cf170a129c6af86d)
2018/03/27 23:12:57 [DEBUG] Successful token authentication of 'admin'
2018/03/27 23:12:57 [DEBUG] Received registration request from admin: { Name:peer1.louvre.fr Type:user Secret:**** MaxEnrollments:0 Affiliation:org1 Attributes:[] CAName:  }
2018/03/27 23:12:57 [DEBUG] DB: Getting identity admin
2018/03/27 23:12:57 [DEBUG] canRegister - Check to see if user 'admin' can register
2018/03/27 23:12:57 [DEBUG] Checking to see if caller 'admin' is a registrar
2018/03/27 23:12:57 [DEBUG] Validate Affiliation
2018/03/27 23:12:57 [DEBUG] Checking to see if affiliation 'org1' contains caller's affiliation ''
2018/03/27 23:12:57 [DEBUG] Caller has root affiliation
2018/03/27 23:12:57 [DEBUG] Validate ID
2018/03/27 23:12:57 [DEBUG] Validating affiliation: org1
2018/03/27 23:12:57 [DEBUG] DB: Get affiliation org1
2018/03/27 23:12:57 [DEBUG] Registering user id: peer1.louvre.fr
2018/03/27 23:12:57 [DEBUG] Max enrollment value verification - User specified max enrollment: 0, CA max enrollment: -1
2018/03/27 23:12:57 [DEBUG] DB: Getting identity peer1.louvre.fr
2018/03/27 23:12:57 [DEBUG] DB: Add identity peer1.louvre.fr
2018/03/27 23:12:57 [DEBUG] Successfully added identity peer1.louvre.fr to the database
2018/03/27 23:12:57 [INFO] 127.0.0.1:60600 POST /register 201 0 "OK"
2018/03/27 23:12:57 [DEBUG] Received request for /enroll
2018/03/27 23:12:57 [DEBUG] ca.Config: &{Version:1.1.1-snapshot-d536f5a Cfg:{Identities:{AllowRemove:false} Affiliations:{AllowRemove:false}} CA:{Name: Keyfile:/home/agiledeveloper/hyperledger/v1/HyperledgerProjects/artprovenance/config/crypto-config/peerOrganizations/louvre.fr/ca/root/ca-key.pem Certfile:/home/agiledeveloper/hyperledger/v1/HyperledgerProjects/artprovenance/config/crypto-config/peerOrganizations/louvre.fr/ca/root/ca-cert.pem Chainfile:/home/agiledeveloper/hyperledger/v1/HyperledgerProjects/artprovenance/config/crypto-config/peerOrganizations/louvre.fr/ca/root/ca-chain.pem} Signing:0xc420321120 CSR:{CN:fabric-ca-server Names:[{C:US ST:North Carolina L: O:Hyperledger OU:Fabric SerialNumber:}] Hosts:[ubuntu localhost] KeyRequest:0xc420327d40 CA:0xc42030b640 SerialNumber:} Registry:{MaxEnrollments:-1 Identities:[{ Name:**** Pass:**** Type:client Affiliation: MaxEnrollments:0 Attrs:map[hf.Registrar.Roles:peer,orderer,client,user hf.Registrar.DelegateRoles:peer,orderer,client,user hf.Revoker:1 hf.IntermediateCA:1 hf.GenCRL:1 hf.Registrar.Attributes:* hf.AffiliationMgr:1]  }]} Affiliations:map[org2:[department1] org1:[department1 department2]] LDAP:{ Enabled:false URL:ldap://****:****@<host>:<port>/<base> UserFilter:(uid=%s) GroupFilter:(memberUid=%s) Attribute:{[uid member] [{ }] map[groups:[{ }]]} TLS:{false [] { }}  } DB:{ Type:sqlite3 Datasource:/home/agiledeveloper/hyperledger/v1/HyperledgerProjects/artprovenance/config/crypto-config/peerOrganizations/louvre.fr/ca/root/fabric-ca-server.db TLS:{false [] { }}  } CSP:0xc4202fff20 Client:<nil> Intermediate:{ParentServer:{ URL: CAName:  } TLS:{Enabled:false CertFiles:[] Client:{KeyFile: CertFile:}} Enrollment:{ Name: Secret:**** Profile: Label: CSR:<nil> CAName: AttrReqs:[]  }} CRL:{Expiry:24h0m0s}}
2018/03/27 23:12:57 [DEBUG] DB: Getting identity peer1.louvre.fr
2018/03/27 23:12:57 [DEBUG] DB: Login user peer1.louvre.fr with max enrollments of -1 and state of 0
2018/03/27 23:12:57 [DEBUG] DB: identity peer1.louvre.fr successfully logged in
2018/03/27 23:12:57 [DEBUG] Processing sign request: id=peer1.louvre.fr, CommonName=peer1.louvre.fr, Subject=<nil>
2018/03/27 23:12:57 [DEBUG] Request is not for a CA signing certificate
2018/03/27 23:12:57 [DEBUG] Checking CSR fields to make sure that they do not exceed maximum character limits
2018/03/27 23:12:57 [DEBUG] DB: Getting identity peer1.louvre.fr
2018/03/27 23:12:57 [DEBUG] Finished processing sign request
2018/03/27 23:12:57 [DEBUG] DB: Getting identity peer1.louvre.fr
2018/03/27 23:12:57 [DEBUG] Attribute extension being added to certificate is: &{ID:[1 2 3 4 5 6 7 8 1] Critical:false Value:7b226174747273223a7b2268662e416666696c696174696f6e223a226f726731222c2268662e456e726f6c6c6d656e744944223a2270656572312e6c6f757672652e6672222c2268662e54797065223a2275736572227d7d}
2018/03/27 23:12:57 [DEBUG] Adding attribute extension to CSR: &{ID:[1 2 3 4 5 6 7 8 1] Critical:false Value:7b226174747273223a7b2268662e416666696c696174696f6e223a226f726731222c2268662e456e726f6c6c6d656e744944223a2270656572312e6c6f757672652e6672222c2268662e54797065223a2275736572227d7d}
2018/03/27 23:12:57 [INFO] signed certificate with serial number 405589068159828471977237526065719402738827993375
2018/03/27 23:12:57 [DEBUG] DB: Insert Certificate
2018/03/27 23:12:57 [DEBUG] Saved serial number as hex 470b3e29f160ed1420bf6d273d1a0cdadc6d211f
2018/03/27 23:12:57 [DEBUG] saved certificate with serial number 405589068159828471977237526065719402738827993375
2018/03/27 23:12:57 [DEBUG] Successfully incremented state for identity peer1.louvre.fr to 1
2018/03/27 23:12:57 [INFO] 127.0.0.1:60602 POST /enroll 201 0 "OK"
2018/03/27 23:12:57 [DEBUG] Received request for /cainfo
2018/03/27 23:12:57 [INFO] 127.0.0.1:60604 POST /cainfo 200 0 "OK"
