2018/03/24 00:41:58 [DEBUG] Home directory: /home/agiledeveloper/hyperledger/v1/HyperledgerProjects/artprovenance/config/crypto-config/peerOrganizations/louvre.fr/users/rootAdmin
2018/03/24 00:41:58 [INFO] Configuration file location: /home/agiledeveloper/hyperledger/v1/HyperledgerProjects/artprovenance/config/crypto-config/peerOrganizations/louvre.fr/users/rootAdmin/fabric-ca-client-config.yaml
2018/03/24 00:41:58 [DEBUG] Checking for enrollment
2018/03/24 00:41:58 [DEBUG] Initializing client with config: &{URL:http://localhost:7104 MSPDir:msp TLS:{Enabled:false CertFiles:[] Client:{KeyFile: CertFile:}} Enrollment:{ Name: Secret:**** Profile: Label: CSR:<nil> CAName: AttrReqs:[]  } CSR:{CN:admin Names:[{C:US ST:North Carolina L: O:Hyperledger OU:Fabric SerialNumber:}] Hosts:[ubuntu] KeyRequest:<nil> CA:<nil> SerialNumber:} ID:{Name:peer1.louvre.fr Type:user Secret:secret MaxEnrollments:0 Affiliation:org1 Attributes:[] CAName:} Revoke:{Name: Serial: AKI: Reason: CAName: GenCRL:false} CAInfo:{CAName:} CAName: CSP:0xc4201e6810}
2018/03/24 00:41:58 [DEBUG] Initializing BCCSP: &{ProviderName:SW SwOpts:0xc4201e6870 PluginOpts:<nil> Pkcs11Opts:<nil>}
2018/03/24 00:41:58 [DEBUG] Initializing BCCSP with software options &{SecLevel:256 HashFamily:SHA2 Ephemeral:false FileKeystore:0xc4201ec720 DummyKeystore:<nil>}
2018/03/24 00:41:58 [DEBUG] Client configuration settings: &{URL:http://localhost:7104 MSPDir:/home/agiledeveloper/hyperledger/v1/HyperledgerProjects/artprovenance/config/crypto-config/peerOrganizations/louvre.fr/users/rootAdmin/msp TLS:{Enabled:false CertFiles:[] Client:{KeyFile: CertFile:}} Enrollment:{ Name: Secret:**** Profile: Label: CSR:<nil> CAName: AttrReqs:[]  } CSR:{CN:admin Names:[{C:US ST:North Carolina L: O:Hyperledger OU:Fabric SerialNumber:}] Hosts:[ubuntu] KeyRequest:<nil> CA:<nil> SerialNumber:} ID:{Name:peer1.louvre.fr Type:user Secret:secret MaxEnrollments:0 Affiliation:org1 Attributes:[] CAName:} Revoke:{Name: Serial: AKI: Reason: CAName: GenCRL:false} CAInfo:{CAName:} CAName: CSP:0xc4201e6810}
2018/03/24 00:41:58 [DEBUG] Entered runRegister
2018/03/24 00:41:58 [DEBUG] Initializing client with config: &{URL:http://localhost:7104 MSPDir:/home/agiledeveloper/hyperledger/v1/HyperledgerProjects/artprovenance/config/crypto-config/peerOrganizations/louvre.fr/users/rootAdmin/msp TLS:{Enabled:false CertFiles:[] Client:{KeyFile: CertFile:}} Enrollment:{ Name: Secret:**** Profile: Label: CSR:<nil> CAName: AttrReqs:[]  } CSR:{CN:admin Names:[{C:US ST:North Carolina L: O:Hyperledger OU:Fabric SerialNumber:}] Hosts:[ubuntu] KeyRequest:<nil> CA:<nil> SerialNumber:} ID:{Name:peer1.louvre.fr Type:user Secret:secret MaxEnrollments:0 Affiliation:org1 Attributes:[] CAName:} Revoke:{Name: Serial: AKI: Reason: CAName: GenCRL:false} CAInfo:{CAName:} CAName: CSP:0xc4201e6810}
2018/03/24 00:41:58 [DEBUG] Initializing BCCSP: &{ProviderName:SW SwOpts:0xc4201e6870 PluginOpts:<nil> Pkcs11Opts:<nil>}
2018/03/24 00:41:58 [DEBUG] Initializing BCCSP with software options &{SecLevel:256 HashFamily:SHA2 Ephemeral:false FileKeystore:0xc4201ec720 DummyKeystore:<nil>}
2018/03/24 00:41:58 [DEBUG] Loading identity: keyFile=/home/agiledeveloper/hyperledger/v1/HyperledgerProjects/artprovenance/config/crypto-config/peerOrganizations/louvre.fr/users/rootAdmin/msp/keystore/key.pem, certFile=/home/agiledeveloper/hyperledger/v1/HyperledgerProjects/artprovenance/config/crypto-config/peerOrganizations/louvre.fr/users/rootAdmin/msp/signcerts/cert.pem
2018/03/24 00:41:58 [DEBUG] Register { Name:peer1.louvre.fr Type:user Secret:**** MaxEnrollments:0 Affiliation:org1 Attributes:[] CAName:  }
2018/03/24 00:41:58 [DEBUG] Adding token-based authorization header
2018/03/24 00:41:58 [DEBUG] Sending request
POST http://localhost:7104/register
{"id":"peer1.louvre.fr","type":"user","secret":"secret","affiliation":"org1"}
2018/03/24 00:41:58 [DEBUG] Received response
statusCode=201 (201 Created)
2018/03/24 00:41:58 [DEBUG] Response body result: map[secret:secret]
2018/03/24 00:41:58 [DEBUG] The register request completed successfully
Password: secret
